#
# There is insufficient memory for the Java Runtime Environment to continue.
# Native memory allocation (malloc) failed to allocate 3994736 bytes. Error detail: Chunk::new
# Possible reasons:
#   The system is out of physical RAM or swap space
#   This process is running with CompressedOops enabled, and the Java Heap may be blocking the growth of the native heap
# Possible solutions:
#   Reduce memory load on the system
#   Increase physical memory or swap space
#   Check if swap backing store is full
#   Decrease Java heap size (-Xmx/-Xms)
#   Decrease number of Java threads
#   Decrease Java thread stack sizes (-Xss)
#   Set larger code cache with -XX:ReservedCodeCacheSize=
#   JVM is running with Unscaled Compressed Oops mode in which the Java heap is
#     placed in the first 4GB address space. The Java Heap base address is the
#     maximum limit for the native heap growth. Please use -XX:HeapBaseMinAddress
#     to set the Java Heap base and to place the Java Heap above 4GB virtual address.
# This output file may be truncated or incomplete.
#
#  Out of Memory Error (arena.cpp:191), pid=12304, tid=10052
#
# JRE version: OpenJDK Runtime Environment Temurin-17.0.12+7 (17.0.12+7) (build 17.0.12+7)
# Java VM: OpenJDK 64-Bit Server VM Temurin-17.0.12+7 (17.0.12+7, mixed mode, sharing, tiered, compressed oops, compressed class ptrs, g1 gc, windows-amd64)
# No core dump will be written. Minidumps are not enabled by default on client versions of Windows
#

---------------  S U M M A R Y ------------

Command Line: -agentlib:jdwp=transport=dt_socket,server=n,suspend=y,address=localhost:50084 -XX:+ShowCodeDetailsInExceptionMessages -Dspring.jmx.enabled=true -Dmanagement.endpoints.jmx.exposure.include=* -Dspring.application.admin.enabled=true -Dspring.boot.project.name=order -Djava.rmi.server.hostname=localhost -Dcom.sun.management.jmxremote.port=45561 -Dcom.sun.management.jmxremote.authenticate=false -Dcom.sun.management.jmxremote.ssl=false com.fortest.myorders.order.OrderApplication

Host: Intel(R) Core(TM) i5-4200M CPU @ 2.50GHz, 4 cores, 7G,  Windows 11 , 64 bit Build 22621 (10.0.22621.1194)
Time: Wed Dec 11 16:20:28 2024 Morocco Standard Time elapsed time: 24.863743 seconds (0d 0h 0m 24s)

---------------  T H R E A D  ---------------

Current thread (0x000001f56c4e90f0):  JavaThread "C2 CompilerThread0" daemon [_thread_in_native, id=10052, stack(0x000000e299200000,0x000000e299300000)]


Current CompileTask:
C2:  24863 6823       4       org.springframework.core.annotation.TypeMappedAnnotations$MergedAnnotationFinder::doWithAnnotations (75 bytes)

Stack: [0x000000e299200000,0x000000e299300000]
Native frames: (J=compiled Java code, j=interpreted, Vv=VM code, C=native code)
V  [jvm.dll+0x67f929]
V  [jvm.dll+0x8371ba]
V  [jvm.dll+0x838c7e]
V  [jvm.dll+0x8392e3]
V  [jvm.dll+0x24834f]
V  [jvm.dll+0xac9d4]
V  [jvm.dll+0xad01c]
V  [jvm.dll+0x367452]
V  [jvm.dll+0x1bd376]
V  [jvm.dll+0x21aa09]
V  [jvm.dll+0x219cf1]
V  [jvm.dll+0x1a58bd]
V  [jvm.dll+0x229a2d]
V  [jvm.dll+0x227bdc]
V  [jvm.dll+0x7ec1f7]
V  [jvm.dll+0x7e65dc]
V  [jvm.dll+0x67e7f7]
C  [ucrtbase.dll+0x29363]
C  [KERNEL32.DLL+0x126bd]
C  [ntdll.dll+0x5dfb8]


---------------  P R O C E S S  ---------------

Threads class SMR info:
_java_thread_list=0x000001f575cc5810, length=29, elements={
0x000001f54ca11020, 0x000001f56c4bae60, 0x000001f56c4bc0d0, 0x000001f56c4d5da0,
0x000001f56c4d8680, 0x000001f56c4d96f0, 0x000001f56c4da760, 0x000001f56c4e90f0,
0x000001f56c4e9ab0, 0x000001f56c4eab60, 0x000001f56c4a52d0, 0x000001f56c792360,
0x000001f56c793210, 0x000001f56c793710, 0x000001f56c79b2e0, 0x000001f5710721e0,
0x000001f57173ddf0, 0x000001f571747710, 0x000001f571cd21b0, 0x000001f571e25080,
0x000001f572372240, 0x000001f572373b90, 0x000001f572371310, 0x000001f5723e4940,
0x000001f5723703e0, 0x000001f572372750, 0x000001f572372c60, 0x000001f572370e00,
0x000001f575533520
}

Java Threads: ( => current thread )
  0x000001f54ca11020 JavaThread "main" [_thread_blocked, id=13084, stack(0x000000e298500000,0x000000e298600000)]
  0x000001f56c4bae60 JavaThread "Reference Handler" daemon [_thread_blocked, id=9900, stack(0x000000e298c00000,0x000000e298d00000)]
  0x000001f56c4bc0d0 JavaThread "Finalizer" daemon [_thread_blocked, id=13964, stack(0x000000e298d00000,0x000000e298e00000)]
  0x000001f56c4d5da0 JavaThread "Signal Dispatcher" daemon [_thread_blocked, id=4116, stack(0x000000e298e00000,0x000000e298f00000)]
  0x000001f56c4d8680 JavaThread "Attach Listener" daemon [_thread_blocked, id=4904, stack(0x000000e298f00000,0x000000e299000000)]
  0x000001f56c4d96f0 JavaThread "Service Thread" daemon [_thread_blocked, id=9348, stack(0x000000e299000000,0x000000e299100000)]
  0x000001f56c4da760 JavaThread "Monitor Deflation Thread" daemon [_thread_blocked, id=11688, stack(0x000000e299100000,0x000000e299200000)]
=>0x000001f56c4e90f0 JavaThread "C2 CompilerThread0" daemon [_thread_in_native, id=10052, stack(0x000000e299200000,0x000000e299300000)]
  0x000001f56c4e9ab0 JavaThread "C1 CompilerThread0" daemon [_thread_blocked, id=7156, stack(0x000000e299300000,0x000000e299400000)]
  0x000001f56c4eab60 JavaThread "Sweeper thread" daemon [_thread_blocked, id=13888, stack(0x000000e299400000,0x000000e299500000)]
  0x000001f56c4a52d0 JavaThread "Common-Cleaner" daemon [_thread_blocked, id=10496, stack(0x000000e299500000,0x000000e299600000)]
  0x000001f56c792360 JavaThread "JDWP Transport Listener: dt_socket" daemon [_thread_blocked, id=9316, stack(0x000000e299600000,0x000000e299700000)]
  0x000001f56c793210 JavaThread "JDWP Event Helper Thread" daemon [_thread_blocked, id=12264, stack(0x000000e299700000,0x000000e299800000)]
  0x000001f56c793710 JavaThread "JDWP Command Reader" daemon [_thread_in_native, id=1488, stack(0x000000e299800000,0x000000e299900000)]
  0x000001f56c79b2e0 JavaThread "Notification Thread" daemon [_thread_blocked, id=5960, stack(0x000000e299900000,0x000000e299a00000)]
  0x000001f5710721e0 JavaThread "RMI TCP Accept-0" daemon [_thread_in_native, id=9920, stack(0x000000e299d00000,0x000000e299e00000)]
  0x000001f57173ddf0 JavaThread "RMI TCP Accept-45561" daemon [_thread_in_native, id=4892, stack(0x000000e299e00000,0x000000e299f00000)]
  0x000001f571747710 JavaThread "RMI TCP Accept-0" daemon [_thread_in_native, id=13844, stack(0x000000e299f00000,0x000000e29a000000)]
  0x000001f571cd21b0 JavaThread "RMI TCP Connection(idle)" daemon [_thread_blocked, id=3336, stack(0x000000e29a300000,0x000000e29a400000)]
  0x000001f571e25080 JavaThread "RMI Scheduler(0)" daemon [_thread_blocked, id=12724, stack(0x000000e29a400000,0x000000e29a500000)]
  0x000001f572372240 JavaThread "RMI TCP Connection(2)-127.0.0.1" daemon [_thread_in_native, id=9068, stack(0x000000e29a500000,0x000000e29a600000)]
  0x000001f572373b90 JavaThread "JMX server connection timeout 25" daemon [_thread_blocked, id=8888, stack(0x000000e29a600000,0x000000e29a700000)]
  0x000001f572371310 JavaThread "Keep-Alive-Timer" daemon [_thread_blocked, id=5560, stack(0x000000e29a700000,0x000000e29a800000)]
  0x000001f5723e4940 JavaThread "C2 CompilerThread1" daemon [_thread_in_native, id=13704, stack(0x000000e29a800000,0x000000e29a900000)]
  0x000001f5723703e0 JavaThread "Catalina-utility-1" [_thread_blocked, id=4376, stack(0x000000e29a200000,0x000000e29a300000)]
  0x000001f572372750 JavaThread "Catalina-utility-2" [_thread_blocked, id=12520, stack(0x000000e29ab00000,0x000000e29ac00000)]
  0x000001f572372c60 JavaThread "container-0" [_thread_blocked, id=5508, stack(0x000000e29ac00000,0x000000e29ad00000)]
  0x000001f572370e00 JavaThread "HikariPool-1 housekeeper" daemon [_thread_blocked, id=8408, stack(0x000000e29ad00000,0x000000e29ae00000)]
  0x000001f575533520 JavaThread "spring.cloud.inetutils" daemon [_thread_in_native, id=10924, stack(0x000000e29ae00000,0x000000e29af00000)]

Other Threads:
  0x000001f56c4b5f20 VMThread "VM Thread" [stack: 0x000000e298b00000,0x000000e298c00000] [id=8064]
  0x000001f54ca120b0 WatcherThread [stack: 0x000000e29a000000,0x000000e29a100000] [id=10316]
  0x000001f54ca72860 GCTaskThread "GC Thread#0" [stack: 0x000000e298600000,0x000000e298700000] [id=14268]
  0x000001f5715e1560 GCTaskThread "GC Thread#1" [stack: 0x000000e299a00000,0x000000e299b00000] [id=1580]
  0x000001f5715e1820 GCTaskThread "GC Thread#2" [stack: 0x000000e299b00000,0x000000e299c00000] [id=12208]
  0x000001f5716b9940 GCTaskThread "GC Thread#3" [stack: 0x000000e299c00000,0x000000e299d00000] [id=13256]
  0x000001f54ca83690 ConcurrentGCThread "G1 Main Marker" [stack: 0x000000e298700000,0x000000e298800000] [id=2572]
  0x000001f54ca84850 ConcurrentGCThread "G1 Conc#0" [stack: 0x000000e298800000,0x000000e298900000] [id=1956]
  0x000001f54caae990 ConcurrentGCThread "G1 Refine#0" [stack: 0x000000e298900000,0x000000e298a00000] [id=5668]
  0x000001f574590330 ConcurrentGCThread "G1 Refine#1" [stack: 0x000000e29a900000,0x000000e29aa00000] [id=12596]
  0x000001f573deb8f0 ConcurrentGCThread "G1 Refine#2" [stack: 0x000000e29aa00000,0x000000e29ab00000] [id=13512]
  0x000001f56c371530 ConcurrentGCThread "G1 Service" [stack: 0x000000e298a00000,0x000000e298b00000] [id=2332]

Threads with active compile tasks:
C2 CompilerThread0    24902 6823       4       org.springframework.core.annotation.TypeMappedAnnotations$MergedAnnotationFinder::doWithAnnotations (75 bytes)
C2 CompilerThread1    24903 6824   !   4       org.springframework.core.annotation.AnnotationsScanner::processClassHierarchy (227 bytes)

VM state: not at safepoint (normal execution)

VM Mutex/Monitor currently owned by a thread: None

Heap address: 0x0000000081400000, size: 2028 MB, Compressed Oops mode: 32-bit

CDS archive(s) mapped at: [0x000001f500000000-0x000001f500bb0000-0x000001f500bb0000), size 12255232, SharedBaseAddress: 0x000001f500000000, ArchiveRelocationMode: 1.
Compressed class space mapped at: 0x000001f501000000-0x000001f541000000, reserved size: 1073741824
Narrow klass base: 0x000001f500000000, Narrow klass shift: 0, Narrow klass range: 0x100000000

GC Precious Log:
 CPUs: 4 total, 4 available
 Memory: 8104M
 Large Page Support: Disabled
 NUMA Support: Disabled
 Compressed Oops: Enabled (32-bit)
 Heap Region Size: 1M
 Heap Min Capacity: 8M
 Heap Initial Capacity: 128M
 Heap Max Capacity: 2028M
 Pre-touch: Disabled
 Parallel Workers: 4
 Concurrent Workers: 1
 Concurrent Refinement Workers: 4
 Periodic GC: Disabled

Heap:
 garbage-first heap   total 103424K, used 59458K [0x0000000081400000, 0x0000000100000000)
  region size 1024K, 23 young (23552K), 5 survivors (5120K)
 Metaspace       used 70007K, committed 70464K, reserved 1114112K
  class space    used 9401K, committed 9600K, reserved 1048576K

Heap Regions: E=young(eden), S=young(survivor), O=old, HS=humongous(starts), HC=humongous(continues), CS=collection set, F=free, OA=open archive, CA=closed archive, TAMS=top-at-mark-start (previous, next)
|   0|0x0000000081400000, 0x0000000081500000, 0x0000000081500000|100%| O|  |TAMS 0x0000000081500000, 0x0000000081400000| Untracked 
|   1|0x0000000081500000, 0x0000000081600000, 0x0000000081600000|100%|HS|  |TAMS 0x0000000081600000, 0x0000000081500000| Complete 
|   2|0x0000000081600000, 0x0000000081700000, 0x0000000081700000|100%| O|  |TAMS 0x0000000081700000, 0x0000000081600000| Untracked 
|   3|0x0000000081700000, 0x0000000081800000, 0x0000000081800000|100%| O|  |TAMS 0x0000000081800000, 0x0000000081700000| Untracked 
|   4|0x0000000081800000, 0x0000000081900000, 0x0000000081900000|100%| O|  |TAMS 0x0000000081900000, 0x0000000081800000| Untracked 
|   5|0x0000000081900000, 0x0000000081a00000, 0x0000000081a00000|100%| O|  |TAMS 0x0000000081a00000, 0x0000000081900000| Untracked 
|   6|0x0000000081a00000, 0x0000000081b00000, 0x0000000081b00000|100%| O|  |TAMS 0x0000000081b00000, 0x0000000081a00000| Untracked 
|   7|0x0000000081b00000, 0x0000000081c00000, 0x0000000081c00000|100%| O|  |TAMS 0x0000000081c00000, 0x0000000081b00000| Untracked 
|   8|0x0000000081c00000, 0x0000000081c82600, 0x0000000081d00000| 50%| O|  |TAMS 0x0000000081c82600, 0x0000000081c00000| Untracked 
|   9|0x0000000081d00000, 0x0000000081e00000, 0x0000000081e00000|100%| O|  |TAMS 0x0000000081e00000, 0x0000000081d00000| Untracked 
|  10|0x0000000081e00000, 0x0000000081f00000, 0x0000000081f00000|100%| O|  |TAMS 0x0000000081f00000, 0x0000000081e00000| Untracked 
|  11|0x0000000081f00000, 0x0000000082000000, 0x0000000082000000|100%| O|  |TAMS 0x0000000082000000, 0x0000000081f00000| Untracked 
|  12|0x0000000082000000, 0x0000000082100000, 0x0000000082100000|100%| O|  |TAMS 0x0000000082100000, 0x0000000082000000| Untracked 
|  13|0x0000000082100000, 0x0000000082200000, 0x0000000082200000|100%| O|  |TAMS 0x0000000082200000, 0x0000000082100000| Untracked 
|  14|0x0000000082200000, 0x0000000082300000, 0x0000000082300000|100%| O|  |TAMS 0x0000000082300000, 0x0000000082200000| Untracked 
|  15|0x0000000082300000, 0x0000000082400000, 0x0000000082400000|100%| O|  |TAMS 0x0000000082400000, 0x0000000082300000| Untracked 
|  16|0x0000000082400000, 0x0000000082500000, 0x0000000082500000|100%| O|  |TAMS 0x0000000082500000, 0x0000000082400000| Untracked 
|  17|0x0000000082500000, 0x0000000082600000, 0x0000000082600000|100%| O|  |TAMS 0x0000000082600000, 0x0000000082500000| Untracked 
|  18|0x0000000082600000, 0x0000000082700000, 0x0000000082700000|100%| O|  |TAMS 0x0000000082700000, 0x0000000082600000| Untracked 
|  19|0x0000000082700000, 0x0000000082800000, 0x0000000082800000|100%| O|  |TAMS 0x0000000082800000, 0x0000000082700000| Untracked 
|  20|0x0000000082800000, 0x0000000082900000, 0x0000000082900000|100%| O|  |TAMS 0x0000000082900000, 0x0000000082800000| Untracked 
|  21|0x0000000082900000, 0x0000000082a00000, 0x0000000082a00000|100%| O|  |TAMS 0x0000000082a00000, 0x0000000082900000| Untracked 
|  22|0x0000000082a00000, 0x0000000082b00000, 0x0000000082b00000|100%| O|  |TAMS 0x0000000082b00000, 0x0000000082a00000| Untracked 
|  23|0x0000000082b00000, 0x0000000082c00000, 0x0000000082c00000|100%| O|  |TAMS 0x0000000082c00000, 0x0000000082b00000| Untracked 
|  24|0x0000000082c00000, 0x0000000082d00000, 0x0000000082d00000|100%| O|  |TAMS 0x0000000082d00000, 0x0000000082c00000| Untracked 
|  25|0x0000000082d00000, 0x0000000082e00000, 0x0000000082e00000|100%| O|  |TAMS 0x0000000082e00000, 0x0000000082d00000| Untracked 
|  26|0x0000000082e00000, 0x0000000082f00000, 0x0000000082f00000|100%| O|  |TAMS 0x0000000082f00000, 0x0000000082e00000| Untracked 
|  27|0x0000000082f00000, 0x0000000083000000, 0x0000000083000000|100%| O|  |TAMS 0x0000000082f00000, 0x0000000082f00000| Untracked 
|  28|0x0000000083000000, 0x0000000083100000, 0x0000000083100000|100%| O|  |TAMS 0x0000000083000000, 0x0000000083000000| Untracked 
|  29|0x0000000083100000, 0x0000000083200000, 0x0000000083200000|100%| O|  |TAMS 0x0000000083100000, 0x0000000083100000| Untracked 
|  30|0x0000000083200000, 0x0000000083300000, 0x0000000083300000|100%| O|  |TAMS 0x0000000083200000, 0x0000000083200000| Untracked 
|  31|0x0000000083300000, 0x0000000083400000, 0x0000000083400000|100%| O|  |TAMS 0x0000000083300000, 0x0000000083300000| Untracked 
|  32|0x0000000083400000, 0x0000000083500000, 0x0000000083500000|100%| O|  |TAMS 0x0000000083400000, 0x0000000083400000| Untracked 
|  33|0x0000000083500000, 0x0000000083600000, 0x0000000083600000|100%| O|  |TAMS 0x0000000083500000, 0x0000000083500000| Untracked 
|  34|0x0000000083600000, 0x0000000083700000, 0x0000000083700000|100%| O|  |TAMS 0x0000000083600000, 0x0000000083600000| Untracked 
|  35|0x0000000083700000, 0x0000000083800000, 0x0000000083800000|100%| O|  |TAMS 0x0000000083700000, 0x0000000083700000| Untracked 
|  36|0x0000000083800000, 0x0000000083900000, 0x0000000083900000|100%| O|  |TAMS 0x0000000083800000, 0x0000000083800000| Untracked 
|  37|0x0000000083900000, 0x0000000083953a00, 0x0000000083a00000| 32%| O|  |TAMS 0x0000000083900000, 0x0000000083900000| Untracked 
|  38|0x0000000083a00000, 0x0000000083a00000, 0x0000000083b00000|  0%| F|  |TAMS 0x0000000083a00000, 0x0000000083a00000| Untracked 
|  39|0x0000000083b00000, 0x0000000083b00000, 0x0000000083c00000|  0%| F|  |TAMS 0x0000000083b00000, 0x0000000083b00000| Untracked 
|  40|0x0000000083c00000, 0x0000000083c00000, 0x0000000083d00000|  0%| F|  |TAMS 0x0000000083c00000, 0x0000000083c00000| Untracked 
|  41|0x0000000083d00000, 0x0000000083d00000, 0x0000000083e00000|  0%| F|  |TAMS 0x0000000083d00000, 0x0000000083d00000| Untracked 
|  42|0x0000000083e00000, 0x0000000083e00000, 0x0000000083f00000|  0%| F|  |TAMS 0x0000000083e00000, 0x0000000083e00000| Untracked 
|  43|0x0000000083f00000, 0x0000000083f00000, 0x0000000084000000|  0%| F|  |TAMS 0x0000000083f00000, 0x0000000083f00000| Untracked 
|  44|0x0000000084000000, 0x0000000084000000, 0x0000000084100000|  0%| F|  |TAMS 0x0000000084000000, 0x0000000084000000| Untracked 
|  45|0x0000000084100000, 0x0000000084100000, 0x0000000084200000|  0%| F|  |TAMS 0x0000000084100000, 0x0000000084100000| Untracked 
|  46|0x0000000084200000, 0x0000000084200000, 0x0000000084300000|  0%| F|  |TAMS 0x0000000084200000, 0x0000000084200000| Untracked 
|  47|0x0000000084300000, 0x0000000084300000, 0x0000000084400000|  0%| F|  |TAMS 0x0000000084300000, 0x0000000084300000| Untracked 
|  48|0x0000000084400000, 0x0000000084400000, 0x0000000084500000|  0%| F|  |TAMS 0x0000000084400000, 0x0000000084400000| Untracked 
|  49|0x0000000084500000, 0x0000000084500000, 0x0000000084600000|  0%| F|  |TAMS 0x0000000084500000, 0x0000000084500000| Untracked 
|  50|0x0000000084600000, 0x0000000084600000, 0x0000000084700000|  0%| F|  |TAMS 0x0000000084600000, 0x0000000084600000| Untracked 
|  51|0x0000000084700000, 0x000000008473aac8, 0x0000000084800000| 22%| S|CS|TAMS 0x0000000084700000, 0x0000000084700000| Complete 
|  52|0x0000000084800000, 0x0000000084900000, 0x0000000084900000|100%| S|CS|TAMS 0x0000000084800000, 0x0000000084800000| Complete 
|  53|0x0000000084900000, 0x0000000084a00000, 0x0000000084a00000|100%| S|CS|TAMS 0x0000000084900000, 0x0000000084900000| Complete 
|  54|0x0000000084a00000, 0x0000000084a00000, 0x0000000084b00000|  0%| F|  |TAMS 0x0000000084a00000, 0x0000000084a00000| Untracked 
|  55|0x0000000084b00000, 0x0000000084b00000, 0x0000000084c00000|  0%| F|  |TAMS 0x0000000084b00000, 0x0000000084b00000| Untracked 
|  56|0x0000000084c00000, 0x0000000084d00000, 0x0000000084d00000|100%| S|CS|TAMS 0x0000000084c00000, 0x0000000084c00000| Complete 
|  57|0x0000000084d00000, 0x0000000084e00000, 0x0000000084e00000|100%| S|CS|TAMS 0x0000000084d00000, 0x0000000084d00000| Complete 
|  58|0x0000000084e00000, 0x0000000084e00000, 0x0000000084f00000|  0%| F|  |TAMS 0x0000000084e00000, 0x0000000084e00000| Untracked 
|  59|0x0000000084f00000, 0x0000000084f00000, 0x0000000085000000|  0%| F|  |TAMS 0x0000000084f00000, 0x0000000084f00000| Untracked 
|  60|0x0000000085000000, 0x0000000085000000, 0x0000000085100000|  0%| F|  |TAMS 0x0000000085000000, 0x0000000085000000| Untracked 
|  61|0x0000000085100000, 0x0000000085100000, 0x0000000085200000|  0%| F|  |TAMS 0x0000000085100000, 0x0000000085100000| Untracked 
|  62|0x0000000085200000, 0x0000000085200000, 0x0000000085300000|  0%| F|  |TAMS 0x0000000085200000, 0x0000000085200000| Untracked 
|  63|0x0000000085300000, 0x0000000085300000, 0x0000000085400000|  0%| F|  |TAMS 0x0000000085300000, 0x0000000085300000| Untracked 
|  64|0x0000000085400000, 0x0000000085400000, 0x0000000085500000|  0%| F|  |TAMS 0x0000000085400000, 0x0000000085400000| Untracked 
|  65|0x0000000085500000, 0x0000000085500000, 0x0000000085600000|  0%| F|  |TAMS 0x0000000085500000, 0x0000000085500000| Untracked 
|  66|0x0000000085600000, 0x0000000085600000, 0x0000000085700000|  0%| F|  |TAMS 0x0000000085600000, 0x0000000085600000| Untracked 
|  67|0x0000000085700000, 0x0000000085700000, 0x0000000085800000|  0%| F|  |TAMS 0x0000000085700000, 0x0000000085700000| Untracked 
|  68|0x0000000085800000, 0x0000000085800000, 0x0000000085900000|  0%| F|  |TAMS 0x0000000085800000, 0x0000000085800000| Untracked 
|  69|0x0000000085900000, 0x0000000085900000, 0x0000000085a00000|  0%| F|  |TAMS 0x0000000085900000, 0x0000000085900000| Untracked 
|  70|0x0000000085a00000, 0x0000000085a00000, 0x0000000085b00000|  0%| F|  |TAMS 0x0000000085a00000, 0x0000000085a00000| Untracked 
|  71|0x0000000085b00000, 0x0000000085b00000, 0x0000000085c00000|  0%| F|  |TAMS 0x0000000085b00000, 0x0000000085b00000| Untracked 
|  72|0x0000000085c00000, 0x0000000085c00000, 0x0000000085d00000|  0%| F|  |TAMS 0x0000000085c00000, 0x0000000085c00000| Untracked 
|  73|0x0000000085d00000, 0x0000000085d00000, 0x0000000085e00000|  0%| F|  |TAMS 0x0000000085d00000, 0x0000000085d00000| Untracked 
|  74|0x0000000085e00000, 0x0000000085e00000, 0x0000000085f00000|  0%| F|  |TAMS 0x0000000085e00000, 0x0000000085e00000| Untracked 
|  75|0x0000000085f00000, 0x0000000085f00000, 0x0000000086000000|  0%| F|  |TAMS 0x0000000085f00000, 0x0000000085f00000| Untracked 
|  76|0x0000000086000000, 0x0000000086000000, 0x0000000086100000|  0%| F|  |TAMS 0x0000000086000000, 0x0000000086000000| Untracked 
|  77|0x0000000086100000, 0x0000000086100000, 0x0000000086200000|  0%| F|  |TAMS 0x0000000086100000, 0x0000000086100000| Untracked 
|  78|0x0000000086200000, 0x0000000086200000, 0x0000000086300000|  0%| F|  |TAMS 0x0000000086200000, 0x0000000086200000| Untracked 
|  79|0x0000000086300000, 0x0000000086300000, 0x0000000086400000|  0%| F|  |TAMS 0x0000000086300000, 0x0000000086300000| Untracked 
|  80|0x0000000086400000, 0x0000000086400000, 0x0000000086500000|  0%| F|  |TAMS 0x0000000086400000, 0x0000000086400000| Untracked 
|  81|0x0000000086500000, 0x0000000086500000, 0x0000000086600000|  0%| F|  |TAMS 0x0000000086500000, 0x0000000086500000| Untracked 
|  82|0x0000000086600000, 0x0000000086600000, 0x0000000086700000|  0%| F|  |TAMS 0x0000000086600000, 0x0000000086600000| Untracked 
|  83|0x0000000086700000, 0x0000000086750fc8, 0x0000000086800000| 31%| E|  |TAMS 0x0000000086700000, 0x0000000086700000| Complete 
|  84|0x0000000086800000, 0x0000000086900000, 0x0000000086900000|100%| E|CS|TAMS 0x0000000086800000, 0x0000000086800000| Complete 
|  85|0x0000000086900000, 0x0000000086a00000, 0x0000000086a00000|100%| E|CS|TAMS 0x0000000086900000, 0x0000000086900000| Complete 
|  86|0x0000000086a00000, 0x0000000086b00000, 0x0000000086b00000|100%| E|CS|TAMS 0x0000000086a00000, 0x0000000086a00000| Complete 
|  87|0x0000000086b00000, 0x0000000086c00000, 0x0000000086c00000|100%| E|CS|TAMS 0x0000000086b00000, 0x0000000086b00000| Complete 
|  88|0x0000000086c00000, 0x0000000086d00000, 0x0000000086d00000|100%| E|CS|TAMS 0x0000000086c00000, 0x0000000086c00000| Complete 
|  89|0x0000000086d00000, 0x0000000086e00000, 0x0000000086e00000|100%| E|CS|TAMS 0x0000000086d00000, 0x0000000086d00000| Complete 
|  90|0x0000000086e00000, 0x0000000086f00000, 0x0000000086f00000|100%| E|CS|TAMS 0x0000000086e00000, 0x0000000086e00000| Complete 
|  91|0x0000000086f00000, 0x0000000087000000, 0x0000000087000000|100%| E|CS|TAMS 0x0000000086f00000, 0x0000000086f00000| Complete 
|  92|0x0000000087000000, 0x0000000087100000, 0x0000000087100000|100%| E|CS|TAMS 0x0000000087000000, 0x0000000087000000| Complete 
|  93|0x0000000087100000, 0x0000000087200000, 0x0000000087200000|100%| E|CS|TAMS 0x0000000087100000, 0x0000000087100000| Complete 
|  94|0x0000000087200000, 0x0000000087300000, 0x0000000087300000|100%| E|CS|TAMS 0x0000000087200000, 0x0000000087200000| Complete 
|  95|0x0000000087300000, 0x0000000087400000, 0x0000000087400000|100%| E|CS|TAMS 0x0000000087300000, 0x0000000087300000| Complete 
|  96|0x0000000087400000, 0x0000000087500000, 0x0000000087500000|100%| E|CS|TAMS 0x0000000087400000, 0x0000000087400000| Complete 
|  97|0x0000000087500000, 0x0000000087600000, 0x0000000087600000|100%| E|CS|TAMS 0x0000000087500000, 0x0000000087500000| Complete 
|  98|0x0000000087600000, 0x0000000087700000, 0x0000000087700000|100%| E|CS|TAMS 0x0000000087600000, 0x0000000087600000| Complete 
|  99|0x0000000087700000, 0x0000000087800000, 0x0000000087800000|100%| E|CS|TAMS 0x0000000087700000, 0x0000000087700000| Complete 
| 127|0x0000000089300000, 0x0000000089400000, 0x0000000089400000|100%| E|CS|TAMS 0x0000000089300000, 0x0000000089300000| Complete 

Card table byte_map: [0x000001f565740000,0x000001f565b40000] _byte_map_base: 0x000001f565336000

Marking Bits (Prev, Next): (CMBitMap*) 0x000001f54ca72ec0, (CMBitMap*) 0x000001f54ca72e80
 Prev Bits: [0x000001f567ef0000, 0x000001f569ea0000)
 Next Bits: [0x000001f565f40000, 0x000001f567ef0000)

Polling page: 0x000001f54cab0000

Metaspace:

Usage:
  Non-class:     59.19 MB used.
      Class:      9.18 MB used.
       Both:     68.37 MB used.

Virtual space:
  Non-class space:       64.00 MB reserved,      59.44 MB ( 93%) committed,  1 nodes.
      Class space:        1.00 GB reserved,       9.38 MB ( <1%) committed,  1 nodes.
             Both:        1.06 GB reserved,      68.81 MB (  6%) committed. 

Chunk freelists:
   Non-Class:  4.42 MB
       Class:  6.57 MB
        Both:  10.99 MB

MaxMetaspaceSize: unlimited
CompressedClassSpaceSize: 1.00 GB
Initial GC threshold: 21.00 MB
Current GC threshold: 98.44 MB
CDS: on
MetaspaceReclaimPolicy: balanced
 - commit_granule_bytes: 65536.
 - commit_granule_words: 8192.
 - virtual_space_node_default_size: 8388608.
 - enlarge_chunks_in_place: 1.
 - new_chunks_are_fully_committed: 0.
 - uncommit_free_chunks: 1.
 - use_allocation_guard: 0.
 - handle_deallocations: 1.


Internal statistics:

num_allocs_failed_limit: 9.
num_arena_births: 670.
num_arena_deaths: 0.
num_vsnodes_births: 2.
num_vsnodes_deaths: 0.
num_space_committed: 1101.
num_space_uncommitted: 0.
num_chunks_returned_to_freelist: 9.
num_chunks_taken_from_freelist: 3262.
num_chunk_merges: 6.
num_chunk_splits: 2294.
num_chunks_enlarged: 1748.
num_inconsistent_stats: 0.

CodeHeap 'non-profiled nmethods': size=120000Kb used=4624Kb max_used=4624Kb free=115376Kb
 bounds [0x000001f55d7e0000, 0x000001f55dc70000, 0x000001f564d10000]
CodeHeap 'profiled nmethods': size=120000Kb used=12778Kb max_used=12778Kb free=107221Kb
 bounds [0x000001f555d10000, 0x000001f556990000, 0x000001f55d240000]
CodeHeap 'non-nmethods': size=5760Kb used=1377Kb max_used=1438Kb free=4382Kb
 bounds [0x000001f55d240000, 0x000001f55d4b0000, 0x000001f55d7e0000]
 total_blobs=6758 nmethods=6125 adapters=545
 compilation: enabled
              stopped_count=0, restarted_count=0
 full_count=0

Compilation events (20 events):
Event: 24.109 Thread 0x000001f56c4e9ab0 6885       2       org.springframework.beans.factory.support.DefaultSingletonBeanRegistry$$Lambda$417/0x000001f5012c4d50::apply (8 bytes)
Event: 24.109 Thread 0x000001f56c4e9ab0 nmethod 6885 0x000001f556988f90 code [0x000001f556989160, 0x000001f556989348]
Event: 24.109 Thread 0x000001f56c4e9ab0 6886       2       org.springframework.beans.factory.support.DefaultSingletonBeanRegistry::lambda$registerDependentBean$1 (10 bytes)
Event: 24.110 Thread 0x000001f56c4e9ab0 nmethod 6886 0x000001f556989490 code [0x000001f556989660, 0x000001f5569897e8]
Event: 24.116 Thread 0x000001f5723e4940 nmethod 6753 0x000001f55dc3bd10 code [0x000001f55dc3c440, 0x000001f55dc45cd8]
Event: 24.119 Thread 0x000001f5723e4940 6824   !   4       org.springframework.core.annotation.AnnotationsScanner::processClassHierarchy (227 bytes)
Event: 24.125 Thread 0x000001f56c4e9ab0 6888       2       org.aspectj.weaver.reflect.ShadowMatchImpl::maybeMatches (8 bytes)
Event: 24.125 Thread 0x000001f56c4e9ab0 nmethod 6888 0x000001f556989910 code [0x000001f556989aa0, 0x000001f556989bc8]
Event: 24.127 Thread 0x000001f56c4e9ab0 6889       2       org.apache.catalina.core.ApplicationContextFacade::getInitParameter (33 bytes)
Event: 24.127 Thread 0x000001f56c4e9ab0 nmethod 6889 0x000001f556989c90 code [0x000001f556989e20, 0x000001f556989f68]
Event: 24.127 Thread 0x000001f56c4e9ab0 6890       2       org.apache.catalina.core.ApplicationContext::getInitParameter (58 bytes)
Event: 24.128 Thread 0x000001f56c4e9ab0 nmethod 6890 0x000001f55698a090 code [0x000001f55698a260, 0x000001f55698a508]
Event: 24.128 Thread 0x000001f56c4e9ab0 6891       2       org.springframework.web.context.support.ServletContextPropertySource::getProperty (6 bytes)
Event: 24.128 Thread 0x000001f56c4e9ab0 nmethod 6891 0x000001f55698a690 code [0x000001f55698a840, 0x000001f55698a9c8]
Event: 24.165 Thread 0x000001f56c4e90f0 nmethod 6752 0x000001f55dc4b410 code [0x000001f55dc4bb60, 0x000001f55dc56370]
Event: 24.169 Thread 0x000001f56c4e90f0 6859       4       org.springframework.beans.factory.support.AbstractAutowireCapableBeanFactory::predictBeanType (126 bytes)
Event: 24.245 Thread 0x000001f56c4e90f0 nmethod 6859 0x000001f55dc5c810 code [0x000001f55dc5caa0, 0x000001f55dc5e520]
Event: 24.245 Thread 0x000001f56c4e90f0 6827       4       org.springframework.core.annotation.TypeMappedAnnotations$IsPresent::doWithAnnotations (183 bytes)
Event: 24.315 Thread 0x000001f56c4e90f0 nmethod 6827 0x000001f55dc5fe10 code [0x000001f55dc600c0, 0x000001f55dc62800]
Event: 24.315 Thread 0x000001f56c4e90f0 6823       4       org.springframework.core.annotation.TypeMappedAnnotations$MergedAnnotationFinder::doWithAnnotations (75 bytes)

GC Heap History (20 events):
Event: 12.988 GC heap before
{Heap before GC invocations=11 (full 0):
 garbage-first heap   total 86016K, used 68850K [0x0000000081400000, 0x0000000100000000)
  region size 1024K, 50 young (51200K), 6 survivors (6144K)
 Metaspace       used 40221K, committed 40576K, reserved 1114112K
  class space    used 5094K, committed 5248K, reserved 1048576K
}
Event: 13.007 GC heap after
{Heap after GC invocations=12 (full 0):
 garbage-first heap   total 86016K, used 25703K [0x0000000081400000, 0x0000000100000000)
  region size 1024K, 6 young (6144K), 6 survivors (6144K)
 Metaspace       used 40221K, committed 40576K, reserved 1114112K
  class space    used 5094K, committed 5248K, reserved 1048576K
}
Event: 14.079 GC heap before
{Heap before GC invocations=12 (full 0):
 garbage-first heap   total 86016K, used 65639K [0x0000000081400000, 0x0000000100000000)
  region size 1024K, 44 young (45056K), 6 survivors (6144K)
 Metaspace       used 41889K, committed 42304K, reserved 1114112K
  class space    used 5315K, committed 5504K, reserved 1048576K
}
Event: 14.098 GC heap after
{Heap after GC invocations=13 (full 0):
 garbage-first heap   total 86016K, used 27382K [0x0000000081400000, 0x0000000100000000)
  region size 1024K, 5 young (5120K), 5 survivors (5120K)
 Metaspace       used 41889K, committed 42304K, reserved 1114112K
  class space    used 5315K, committed 5504K, reserved 1048576K
}
Event: 15.551 GC heap before
{Heap before GC invocations=13 (full 0):
 garbage-first heap   total 86016K, used 66294K [0x0000000081400000, 0x0000000100000000)
  region size 1024K, 43 young (44032K), 5 survivors (5120K)
 Metaspace       used 47039K, committed 47424K, reserved 1114112K
  class space    used 6094K, committed 6272K, reserved 1048576K
}
Event: 15.563 GC heap after
{Heap after GC invocations=14 (full 0):
 garbage-first heap   total 86016K, used 29328K [0x0000000081400000, 0x0000000100000000)
  region size 1024K, 4 young (4096K), 4 survivors (4096K)
 Metaspace       used 47039K, committed 47424K, reserved 1114112K
  class space    used 6094K, committed 6272K, reserved 1048576K
}
Event: 17.977 GC heap before
{Heap before GC invocations=14 (full 0):
 garbage-first heap   total 86016K, used 67216K [0x0000000081400000, 0x0000000100000000)
  region size 1024K, 41 young (41984K), 4 survivors (4096K)
 Metaspace       used 56444K, committed 56896K, reserved 1114112K
  class space    used 7379K, committed 7616K, reserved 1048576K
}
Event: 17.986 GC heap after
{Heap after GC invocations=15 (full 0):
 garbage-first heap   total 86016K, used 31241K [0x0000000081400000, 0x0000000100000000)
  region size 1024K, 4 young (4096K), 4 survivors (4096K)
 Metaspace       used 56444K, committed 56896K, reserved 1114112K
  class space    used 7379K, committed 7616K, reserved 1048576K
}
Event: 18.941 GC heap before
{Heap before GC invocations=15 (full 0):
 garbage-first heap   total 86016K, used 47625K [0x0000000081400000, 0x0000000100000000)
  region size 1024K, 21 young (21504K), 4 survivors (4096K)
 Metaspace       used 60004K, committed 60416K, reserved 1114112K
  class space    used 8016K, committed 8256K, reserved 1048576K
}
Event: 18.949 GC heap after
{Heap after GC invocations=16 (full 0):
 garbage-first heap   total 86016K, used 32169K [0x0000000081400000, 0x0000000100000000)
  region size 1024K, 3 young (3072K), 3 survivors (3072K)
 Metaspace       used 60004K, committed 60416K, reserved 1114112K
  class space    used 8016K, committed 8256K, reserved 1048576K
}
Event: 20.056 GC heap before
{Heap before GC invocations=17 (full 0):
 garbage-first heap   total 86016K, used 69033K [0x0000000081400000, 0x0000000100000000)
  region size 1024K, 39 young (39936K), 3 survivors (3072K)
 Metaspace       used 61726K, committed 62144K, reserved 1114112K
  class space    used 8275K, committed 8512K, reserved 1048576K
}
Event: 20.067 GC heap after
{Heap after GC invocations=18 (full 0):
 garbage-first heap   total 86016K, used 34079K [0x0000000081400000, 0x0000000100000000)
  region size 1024K, 3 young (3072K), 3 survivors (3072K)
 Metaspace       used 61726K, committed 62144K, reserved 1114112K
  class space    used 8275K, committed 8512K, reserved 1048576K
}
Event: 20.849 GC heap before
{Heap before GC invocations=18 (full 0):
 garbage-first heap   total 86016K, used 69919K [0x0000000081400000, 0x0000000100000000)
  region size 1024K, 38 young (38912K), 3 survivors (3072K)
 Metaspace       used 63207K, committed 63680K, reserved 1114112K
  class space    used 8467K, committed 8704K, reserved 1048576K
}
Event: 20.856 GC heap after
{Heap after GC invocations=19 (full 0):
 garbage-first heap   total 103424K, used 35422K [0x0000000081400000, 0x0000000100000000)
  region size 1024K, 4 young (4096K), 4 survivors (4096K)
 Metaspace       used 63207K, committed 63680K, reserved 1114112K
  class space    used 8467K, committed 8704K, reserved 1048576K
}
Event: 22.066 GC heap before
{Heap before GC invocations=19 (full 0):
 garbage-first heap   total 103424K, used 83550K [0x0000000081400000, 0x0000000100000000)
  region size 1024K, 51 young (52224K), 4 survivors (4096K)
 Metaspace       used 66027K, committed 66432K, reserved 1114112K
  class space    used 8828K, committed 9024K, reserved 1048576K
}
Event: 22.076 GC heap after
{Heap after GC invocations=20 (full 0):
 garbage-first heap   total 103424K, used 37828K [0x0000000081400000, 0x0000000100000000)
  region size 1024K, 6 young (6144K), 6 survivors (6144K)
 Metaspace       used 66027K, committed 66432K, reserved 1114112K
  class space    used 8828K, committed 9024K, reserved 1048576K
}
Event: 23.010 GC heap before
{Heap before GC invocations=20 (full 0):
 garbage-first heap   total 103424K, used 82884K [0x0000000081400000, 0x0000000100000000)
  region size 1024K, 51 young (52224K), 6 survivors (6144K)
 Metaspace       used 68084K, committed 68544K, reserved 1114112K
  class space    used 9147K, committed 9344K, reserved 1048576K
}
Event: 23.026 GC heap after
{Heap after GC invocations=21 (full 0):
 garbage-first heap   total 103424K, used 39939K [0x0000000081400000, 0x0000000100000000)
  region size 1024K, 5 young (5120K), 5 survivors (5120K)
 Metaspace       used 68084K, committed 68544K, reserved 1114112K
  class space    used 9147K, committed 9344K, reserved 1048576K
}
Event: 23.798 GC heap before
{Heap before GC invocations=21 (full 0):
 garbage-first heap   total 103424K, used 83971K [0x0000000081400000, 0x0000000100000000)
  region size 1024K, 48 young (49152K), 5 survivors (5120K)
 Metaspace       used 69633K, committed 70144K, reserved 1114112K
  class space    used 9350K, committed 9600K, reserved 1048576K
}
Event: 23.809 GC heap after
{Heap after GC invocations=22 (full 0):
 garbage-first heap   total 103424K, used 42050K [0x0000000081400000, 0x0000000100000000)
  region size 1024K, 5 young (5120K), 5 survivors (5120K)
 Metaspace       used 69633K, committed 70144K, reserved 1114112K
  class space    used 9350K, committed 9600K, reserved 1048576K
}

Dll operation events (11 events):
Event: 0.014 Loaded shared library C:\Users\DZIKO\.gradle\jdks\eclipse_adoptium-17-amd64-windows\jdk-17.0.12+7\bin\java.dll
Event: 0.040 Loaded shared library C:\Users\DZIKO\.gradle\jdks\eclipse_adoptium-17-amd64-windows\jdk-17.0.12+7\bin\jsvml.dll
Event: 0.408 Loaded shared library C:\Users\DZIKO\.gradle\jdks\eclipse_adoptium-17-amd64-windows\jdk-17.0.12+7\bin\jimage.dll
Event: 0.422 Loaded shared library C:\Users\DZIKO\.gradle\jdks\eclipse_adoptium-17-amd64-windows\jdk-17.0.12+7\bin\net.dll
Event: 0.424 Loaded shared library C:\Users\DZIKO\.gradle\jdks\eclipse_adoptium-17-amd64-windows\jdk-17.0.12+7\bin\nio.dll
Event: 0.427 Loaded shared library C:\Users\DZIKO\.gradle\jdks\eclipse_adoptium-17-amd64-windows\jdk-17.0.12+7\bin\zip.dll
Event: 0.646 Loaded shared library C:\Users\DZIKO\.gradle\jdks\eclipse_adoptium-17-amd64-windows\jdk-17.0.12+7\bin\management.dll
Event: 0.677 Loaded shared library C:\Users\DZIKO\.gradle\jdks\eclipse_adoptium-17-amd64-windows\jdk-17.0.12+7\bin\management_ext.dll
Event: 1.070 Loaded shared library C:\Users\DZIKO\.gradle\jdks\eclipse_adoptium-17-amd64-windows\jdk-17.0.12+7\bin\extnet.dll
Event: 1.175 Loaded shared library C:\Users\DZIKO\.gradle\jdks\eclipse_adoptium-17-amd64-windows\jdk-17.0.12+7\bin\verify.dll
Event: 13.126 Loaded shared library C:\Users\DZIKO\.gradle\jdks\eclipse_adoptium-17-amd64-windows\jdk-17.0.12+7\bin\sunmscapi.dll

Deoptimization events (20 events):
Event: 24.090 Thread 0x000001f54ca11020 DEOPT PACKING pc=0x000001f555f02b5c sp=0x000000e2985f6730
Event: 24.090 Thread 0x000001f54ca11020 DEOPT UNPACKING pc=0x000001f55d297143 sp=0x000000e2985f5be8 mode 1
Event: 24.090 Thread 0x000001f54ca11020 DEOPT PACKING pc=0x000001f55d996854 sp=0x000000e2985f7110
Event: 24.090 Thread 0x000001f54ca11020 DEOPT UNPACKING pc=0x000001f55d297143 sp=0x000000e2985f65a0 mode 1
Event: 24.090 Thread 0x000001f54ca11020 DEOPT PACKING pc=0x000001f5560c546c sp=0x000000e2985f70f0
Event: 24.090 Thread 0x000001f54ca11020 DEOPT UNPACKING pc=0x000001f55d297143 sp=0x000000e2985f65c0 mode 1
Event: 24.090 Thread 0x000001f54ca11020 DEOPT PACKING pc=0x000001f5568d3684 sp=0x000000e2985f74e0
Event: 24.090 Thread 0x000001f54ca11020 DEOPT UNPACKING pc=0x000001f55d297143 sp=0x000000e2985f69a0 mode 1
Event: 24.118 Thread 0x000001f54ca11020 DEOPT PACKING pc=0x000001f5563fa55c sp=0x000000e2985f5b40
Event: 24.118 Thread 0x000001f54ca11020 DEOPT UNPACKING pc=0x000001f55d297143 sp=0x000000e2985f50a0 mode 1
Event: 24.118 Thread 0x000001f54ca11020 DEOPT PACKING pc=0x000001f5568800d4 sp=0x000000e2985f5c60
Event: 24.118 Thread 0x000001f54ca11020 DEOPT UNPACKING pc=0x000001f55d297143 sp=0x000000e2985f5118 mode 1
Event: 24.118 Thread 0x000001f54ca11020 DEOPT PACKING pc=0x000001f5563fa55c sp=0x000000e2985f5b10
Event: 24.118 Thread 0x000001f54ca11020 DEOPT UNPACKING pc=0x000001f55d297143 sp=0x000000e2985f5088 mode 1
Event: 24.126 Thread 0x000001f54ca11020 DEOPT PACKING pc=0x000001f5563fa55c sp=0x000000e2985f6a70
Event: 24.126 Thread 0x000001f54ca11020 DEOPT UNPACKING pc=0x000001f55d297143 sp=0x000000e2985f5fd0 mode 1
Event: 24.126 Thread 0x000001f54ca11020 DEOPT PACKING pc=0x000001f5568800d4 sp=0x000000e2985f6b90
Event: 24.126 Thread 0x000001f54ca11020 DEOPT UNPACKING pc=0x000001f55d297143 sp=0x000000e2985f6048 mode 1
Event: 24.126 Thread 0x000001f54ca11020 DEOPT PACKING pc=0x000001f5563fa55c sp=0x000000e2985f6a40
Event: 24.126 Thread 0x000001f54ca11020 DEOPT UNPACKING pc=0x000001f55d297143 sp=0x000000e2985f5fb8 mode 1

Classes loaded (20 events):
Event: 22.546 Loading class sun/reflect/misc/MethodUtil
Event: 22.547 Loading class sun/reflect/misc/MethodUtil done
Event: 22.547 Loading class sun/reflect/misc/MethodUtil$1
Event: 22.547 Loading class sun/reflect/misc/MethodUtil$1 done
Event: 22.840 Loading class java/util/ArrayList$ListItr
Event: 22.841 Loading class java/util/ArrayList$ListItr done
Event: 22.995 Loading class java/util/EnumMap$EntrySet
Event: 22.995 Loading class java/util/EnumMap$EntrySet done
Event: 22.995 Loading class java/util/EnumMap$EntryIterator
Event: 22.996 Loading class java/util/EnumMap$EnumMapIterator
Event: 22.996 Loading class java/util/EnumMap$EnumMapIterator done
Event: 22.996 Loading class java/util/EnumMap$EntryIterator done
Event: 23.104 Loading class java/lang/reflect/MalformedParametersException
Event: 23.105 Loading class java/lang/reflect/MalformedParametersException done
Event: 24.073 Loading class java/lang/ObjectCustomizer
Event: 24.073 Loading class java/lang/ObjectCustomizer done
Event: 24.073 Loading class java/lang/ObjectCustomizer
Event: 24.073 Loading class java/lang/ObjectCustomizer done
Event: 24.112 Loading class jdk/internal/reflect/UnsafeIntegerFieldAccessorImpl
Event: 24.112 Loading class jdk/internal/reflect/UnsafeIntegerFieldAccessorImpl done

Classes unloaded (0 events):
No events

Classes redefined (0 events):
No events

Internal exceptions (20 events):
Event: 22.543 Thread 0x000001f572372240 Exception <a 'java/lang/ClassNotFoundException'{0x0000000086305f30}: org/springframework/context/support/LiveBeansView> (0x0000000086305f30) 
thrown [s\src\hotspot\share\classfile\systemDictionary.cpp, line 256]
Event: 23.031 Thread 0x000001f54ca11020 Implicit null exception at 0x000001f55d7fc963 to 0x000001f55d7fd290
Event: 23.267 Thread 0x000001f54ca11020 Exception <a 'java/lang/NoSuchMethodError'{0x0000000086888d98}: 'void java.lang.invoke.DirectMethodHandle$Holder.invokeVirtual(java.lang.Object, java.lang.Object, int)'> (0x0000000086888d98) 
thrown [s\src\hotspot\share\interpreter\linkResolver.cpp, line 759]
Event: 23.282 Thread 0x000001f54ca11020 Exception <a 'java/lang/NoSuchMethodError'{0x00000000868a36a8}: 'void java.lang.invoke.DirectMethodHandle$Holder.invokeVirtual(java.lang.Object, java.lang.Object, long)'> (0x00000000868a36a8) 
thrown [s\src\hotspot\share\interpreter\linkResolver.cpp, line 759]
Event: 23.652 Thread 0x000001f54ca11020 Exception <a 'java/lang/IncompatibleClassChangeError'{0x0000000085514e60}: Found class java.lang.Object, but interface was expected> (0x0000000085514e60) 
thrown [s\src\hotspot\share\interpreter\linkResolver.cpp, line 826]
Event: 23.760 Thread 0x000001f54ca11020 Exception <a 'java/lang/NoSuchMethodError'{0x0000000085014c68}: 'int java.lang.invoke.DirectMethodHandle$Holder.invokeStaticInit(java.lang.Object, java.lang.Object, java.lang.Object, java.lang.Object)'> (0x0000000085014c68) 
thrown [s\src\hotspot\share\interpreter\linkResolver.cpp, line 759]
Event: 23.965 Thread 0x000001f54ca11020 Exception <a 'java/lang/NoSuchMethodError'{0x0000000087076528}: 'java.lang.Object java.lang.invoke.DirectMethodHandle$Holder.newInvokeSpecial(java.lang.Object, java.lang.Object, java.lang.Object, java.lang.Object, java.lang.Object, java.lang.Object, java.lang.Object, java.lang.Object, java.lang.Object)'> (0x0000000087076528) 
thrown [s\src\hotspot\share\interpreter\linkResolver.cpp, line 759]
Event: 23.965 Thread 0x000001f54ca11020 Exception <a 'java/lang/NoSuchMethodError'{0x000000008707c090}: 'java.lang.Object java.lang.invoke.DirectMethodHandle$Holder.invokeSpecial(java.lang.Object, java.lang.Object, java.lang.Object, java.lang.Object, java.lang.Object, java.lang.Object, java.lang.Object, java.lang.Object, java.lang.Object, java.lang.Object)'> (0x000000008707c090) 
thrown [s\src\hotspot\share\interpreter\linkResolver.cpp, line 759]
Event: 23.966 Thread 0x000001f54ca11020 Exception <a 'java/lang/NoSuchMethodError'{0x0000000087081180}: 'java.lang.Object java.lang.invoke.Invokers$Holder.linkToTargetMethod(java.lang.Object, java.lang.Object, java.lang.Object, java.lang.Object, java.lang.Object, java.lang.Object, java.lang.Object, java.lang.Object, java.lang.Object)'> (0x0000000087081180) 
thrown [s\src\hotspot\share\interpreter\linkResolver.cpp, line 759]
Event: 24.073 Thread 0x000001f54ca11020 Exception <a 'java/lang/ClassNotFoundException'{0x0000000086a46b98}: java/lang/ObjectCustomizer> (0x0000000086a46b98) 
thrown [s\src\hotspot\share\classfile\systemDictionary.cpp, line 256]
Event: 24.074 Thread 0x000001f54ca11020 Exception <a 'java/lang/ClassNotFoundException'{0x0000000086a4f540}: org/springframework/aop/framework/ProxyConfigCustomizer> (0x0000000086a4f540) 
thrown [s\src\hotspot\share\classfile\systemDictionary.cpp, line 256]
Event: 24.076 Thread 0x000001f54ca11020 Exception <a 'java/lang/ClassNotFoundException'{0x0000000086a5b8e0}: org/springframework/aop/scope/ScopedProxyFactoryBeanCustomizer> (0x0000000086a5b8e0) 
thrown [s\src\hotspot\share\classfile\systemDictionary.cpp, line 256]
Event: 24.077 Thread 0x000001f54ca11020 Exception <a 'java/lang/ClassNotFoundException'{0x0000000086a65f90}: org/springframework/cloud/context/scope/GenericScope$LockedScopedProxyFactoryBeanCustomizer> (0x0000000086a65f90) 
thrown [s\src\hotspot\share\classfile\systemDictionary.cpp, line 256]
Event: 24.082 Thread 0x000001f54ca11020 Exception <a 'java/lang/ClassNotFoundException'{0x0000000086a77e60}: org/aopalliance/intercept/MethodInterceptorCustomizer> (0x0000000086a77e60) 
thrown [s\src\hotspot\share\classfile\systemDictionary.cpp, line 256]
Event: 24.083 Thread 0x000001f54ca11020 Exception <a 'java/lang/ClassNotFoundException'{0x0000000086a7db78}: org/aopalliance/intercept/InterceptorCustomizer> (0x0000000086a7db78) 
thrown [s\src\hotspot\share\classfile\systemDictionary.cpp, line 256]
Event: 24.085 Thread 0x000001f54ca11020 Exception <a 'java/lang/ClassNotFoundException'{0x0000000086a82e48}: org/aopalliance/aop/AdviceCustomizer> (0x0000000086a82e48) 
thrown [s\src\hotspot\share\classfile\systemDictionary.cpp, line 256]
Event: 24.086 Thread 0x000001f54ca11020 Exception <a 'java/lang/ClassNotFoundException'{0x0000000086a884e8}: org/springframework/beans/factory/FactoryBeanCustomizer> (0x0000000086a884e8) 
thrown [s\src\hotspot\share\classfile\systemDictionary.cpp, line 256]
Event: 24.088 Thread 0x000001f54ca11020 Exception <a 'java/lang/ClassNotFoundException'{0x0000000086a90540}: org/springframework/beans/factory/BeanFactoryAwareCustomizer> (0x0000000086a90540) 
thrown [s\src\hotspot\share\classfile\systemDictionary.cpp, line 256]
Event: 24.089 Thread 0x000001f54ca11020 Exception <a 'java/lang/ClassNotFoundException'{0x0000000086a96f08}: org/springframework/beans/factory/AwareCustomizer> (0x0000000086a96f08) 
thrown [s\src\hotspot\share\classfile\systemDictionary.cpp, line 256]
Event: 24.090 Thread 0x000001f54ca11020 Exception <a 'java/lang/ClassNotFoundException'{0x0000000086a9c6e0}: org/springframework/aop/framework/AopInfrastructureBeanCustomizer> (0x0000000086a9c6e0) 
thrown [s\src\hotspot\share\classfile\systemDictionary.cpp, line 256]

VM Operations (20 events):
Event: 22.066 Executing VM operation: G1CollectForAllocation
Event: 22.076 Executing VM operation: G1CollectForAllocation done
Event: 22.841 Executing VM operation: HandshakeAllThreads
Event: 22.841 Executing VM operation: HandshakeAllThreads done
Event: 23.010 Executing VM operation: G1CollectForAllocation
Event: 23.026 Executing VM operation: G1CollectForAllocation done
Event: 23.344 Executing VM operation: HandshakeAllThreads
Event: 23.344 Executing VM operation: HandshakeAllThreads done
Event: 23.418 Executing VM operation: HandshakeAllThreads
Event: 23.418 Executing VM operation: HandshakeAllThreads done
Event: 23.515 Executing VM operation: HandshakeAllThreads
Event: 23.516 Executing VM operation: HandshakeAllThreads done
Event: 23.516 Executing VM operation: HandshakeAllThreads
Event: 23.516 Executing VM operation: HandshakeAllThreads done
Event: 23.683 Executing VM operation: HandshakeAllThreads
Event: 23.684 Executing VM operation: HandshakeAllThreads done
Event: 23.798 Executing VM operation: G1CollectForAllocation
Event: 23.809 Executing VM operation: G1CollectForAllocation done
Event: 24.821 Executing VM operation: Cleanup
Event: 24.821 Executing VM operation: Cleanup done

Events (20 events):
Event: 13.519 Thread 0x000001f56c4eab60 flushing nmethod 0x000001f5566ba990
Event: 13.519 Thread 0x000001f56c4eab60 flushing nmethod 0x000001f5566dae10
Event: 13.520 Thread 0x000001f56c4eab60 flushing nmethod 0x000001f556775e90
Event: 13.520 Thread 0x000001f56c4eab60 flushing nmethod 0x000001f5567b5310
Event: 13.520 Thread 0x000001f56c4eab60 flushing nmethod 0x000001f5567c6390
Event: 13.520 Thread 0x000001f56c4eab60 flushing nmethod 0x000001f5567d8d10
Event: 13.520 Thread 0x000001f56c4eab60 flushing nmethod 0x000001f5567dd210
Event: 13.520 Thread 0x000001f56c4eab60 flushing nmethod 0x000001f5567e1210
Event: 13.520 Thread 0x000001f56c4eab60 flushing nmethod 0x000001f5567e1710
Event: 13.520 Thread 0x000001f56c4eab60 flushing nmethod 0x000001f5567e5f10
Event: 13.520 Thread 0x000001f56c4eab60 flushing nmethod 0x000001f5567f4d90
Event: 13.543 Thread 0x000001f571e97500 Thread exited: 0x000001f571e97500
Event: 14.489 Thread 0x000001f5723703e0 Thread added: 0x000001f5723703e0
Event: 14.493 Thread 0x000001f572372750 Thread added: 0x000001f572372750
Event: 14.501 Thread 0x000001f572372c60 Thread added: 0x000001f572372c60
Event: 16.489 Thread 0x000001f572370e00 Thread added: 0x000001f572370e00
Event: 16.630 Thread 0x000001f572373170 Thread added: 0x000001f572373170
Event: 20.456 Thread 0x000001f56c4eab60 flushing nmethod 0x000001f55d927190
Event: 23.243 Thread 0x000001f572373170 Thread exited: 0x000001f572373170
Event: 24.466 Thread 0x000001f575533520 Thread added: 0x000001f575533520


Dynamic libraries:
0x00007ff667e10000 - 0x00007ff667e1e000 	C:\Users\DZIKO\.gradle\jdks\eclipse_adoptium-17-amd64-windows\jdk-17.0.12+7\bin\java.exe
0x00007ffc3a290000 - 0x00007ffc3a4a4000 	C:\Windows\SYSTEM32\ntdll.dll
0x00007ffc38a80000 - 0x00007ffc38b43000 	C:\Windows\System32\KERNEL32.DLL
0x00007ffc37a50000 - 0x00007ffc37dec000 	C:\Windows\System32\KERNELBASE.dll
0x00007ffc37ee0000 - 0x00007ffc37ff1000 	C:\Windows\System32\ucrtbase.dll
0x00007ffc32bd0000 - 0x00007ffc32be7000 	C:\Users\DZIKO\.gradle\jdks\eclipse_adoptium-17-amd64-windows\jdk-17.0.12+7\bin\jli.dll
0x00007ffc39180000 - 0x00007ffc3932d000 	C:\Windows\System32\USER32.dll
0x00007ffc37df0000 - 0x00007ffc37e16000 	C:\Windows\System32\win32u.dll
0x00007ffc39030000 - 0x00007ffc39059000 	C:\Windows\System32\GDI32.dll
0x00007ffc29400000 - 0x00007ffc2941b000 	C:\Users\DZIKO\.gradle\jdks\eclipse_adoptium-17-amd64-windows\jdk-17.0.12+7\bin\VCRUNTIME140.dll
0x00007ffc378b0000 - 0x00007ffc379c2000 	C:\Windows\System32\gdi32full.dll
0x00007ffc38000000 - 0x00007ffc3809a000 	C:\Windows\System32\msvcp_win.dll
0x00007ffc1faa0000 - 0x00007ffc1fd2e000 	C:\Windows\WinSxS\amd64_microsoft.windows.common-controls_6595b64144ccf1df_6.0.22621.608_none_a9444ca7c10bb01d\COMCTL32.dll
0x00007ffc39ed0000 - 0x00007ffc39f77000 	C:\Windows\System32\msvcrt.dll
0x00007ffc38a30000 - 0x00007ffc38a62000 	C:\Windows\System32\IMM32.DLL
0x00007ffc2b0b0000 - 0x00007ffc2b0bc000 	C:\Users\DZIKO\.gradle\jdks\eclipse_adoptium-17-amd64-windows\jdk-17.0.12+7\bin\vcruntime140_1.dll
0x00007ffc1e440000 - 0x00007ffc1e4cd000 	C:\Users\DZIKO\.gradle\jdks\eclipse_adoptium-17-amd64-windows\jdk-17.0.12+7\bin\msvcp140.dll
0x00007ffbfde00000 - 0x00007ffbfea6a000 	C:\Users\DZIKO\.gradle\jdks\eclipse_adoptium-17-amd64-windows\jdk-17.0.12+7\bin\server\jvm.dll
0x00007ffc38880000 - 0x00007ffc3892e000 	C:\Windows\System32\ADVAPI32.dll
0x00007ffc39f80000 - 0x00007ffc3a024000 	C:\Windows\System32\sechost.dll
0x00007ffc393c0000 - 0x00007ffc394d5000 	C:\Windows\System32\RPCRT4.dll
0x00007ffc387e0000 - 0x00007ffc38851000 	C:\Windows\System32\WS2_32.dll
0x00007ffc375a0000 - 0x00007ffc375ed000 	C:\Windows\SYSTEM32\POWRPROF.dll
0x00007ffc2fe30000 - 0x00007ffc2fe64000 	C:\Windows\SYSTEM32\WINMM.dll
0x00007ffc259a0000 - 0x00007ffc259aa000 	C:\Windows\SYSTEM32\VERSION.dll
0x00007ffc37580000 - 0x00007ffc37593000 	C:\Windows\SYSTEM32\UMPDC.dll
0x00007ffc366e0000 - 0x00007ffc366f8000 	C:\Windows\SYSTEM32\kernel.appcore.dll
0x00007ffc291d0000 - 0x00007ffc291da000 	C:\Users\DZIKO\.gradle\jdks\eclipse_adoptium-17-amd64-windows\jdk-17.0.12+7\bin\jimage.dll
0x00007ffc24400000 - 0x00007ffc2462e000 	C:\Windows\SYSTEM32\DBGHELP.DLL
0x00007ffc382f0000 - 0x00007ffc3867a000 	C:\Windows\System32\combase.dll
0x00007ffc38940000 - 0x00007ffc38a17000 	C:\Windows\System32\OLEAUT32.dll
0x00007ffc22de0000 - 0x00007ffc22e12000 	C:\Windows\SYSTEM32\dbgcore.DLL
0x00007ffc379d0000 - 0x00007ffc37a4b000 	C:\Windows\System32\bcryptPrimitives.dll
0x00007ffc1b940000 - 0x00007ffc1b97b000 	C:\Users\DZIKO\.gradle\jdks\eclipse_adoptium-17-amd64-windows\jdk-17.0.12+7\bin\jdwp.dll
0x00007ffc291a0000 - 0x00007ffc291c5000 	C:\Users\DZIKO\.gradle\jdks\eclipse_adoptium-17-amd64-windows\jdk-17.0.12+7\bin\java.dll
0x00007ffc1b980000 - 0x00007ffc1ba57000 	C:\Users\DZIKO\.gradle\jdks\eclipse_adoptium-17-amd64-windows\jdk-17.0.12+7\bin\jsvml.dll
0x00007ffc396e0000 - 0x00007ffc39ecf000 	C:\Windows\System32\SHELL32.dll
0x00007ffc356a0000 - 0x00007ffc35f68000 	C:\Windows\SYSTEM32\windows.storage.dll
0x00007ffc35560000 - 0x00007ffc3569e000 	C:\Windows\SYSTEM32\wintypes.dll
0x00007ffc380f0000 - 0x00007ffc381e1000 	C:\Windows\System32\SHCORE.dll
0x00007ffc3a1f0000 - 0x00007ffc3a24e000 	C:\Windows\System32\shlwapi.dll
0x00007ffc37600000 - 0x00007ffc37621000 	C:\Windows\SYSTEM32\profapi.dll
0x00007ffc32bc0000 - 0x00007ffc32bcc000 	C:\Users\DZIKO\.gradle\jdks\eclipse_adoptium-17-amd64-windows\jdk-17.0.12+7\bin\dt_socket.dll
0x00007ffc361c0000 - 0x00007ffc361ed000 	C:\Windows\SYSTEM32\IPHLPAPI.DLL
0x00007ffc36b40000 - 0x00007ffc36ba9000 	C:\Windows\system32\mswsock.dll
0x00007ffc36230000 - 0x00007ffc36323000 	C:\Windows\SYSTEM32\DNSAPI.dll
0x00007ffc38930000 - 0x00007ffc38939000 	C:\Windows\System32\NSI.dll
0x00007ffc2f6d0000 - 0x00007ffc2f6da000 	C:\Windows\System32\rasadhlp.dll
0x00007ffc2e780000 - 0x00007ffc2e803000 	C:\Windows\System32\fwpuclnt.dll
0x00007ffc29020000 - 0x00007ffc29039000 	C:\Users\DZIKO\.gradle\jdks\eclipse_adoptium-17-amd64-windows\jdk-17.0.12+7\bin\net.dll
0x00007ffc30be0000 - 0x00007ffc30d0f000 	C:\Windows\SYSTEM32\WINHTTP.dll
0x00007ffc1e5f0000 - 0x00007ffc1e606000 	C:\Users\DZIKO\.gradle\jdks\eclipse_adoptium-17-amd64-windows\jdk-17.0.12+7\bin\nio.dll
0x00007ffc1e590000 - 0x00007ffc1e5a8000 	C:\Users\DZIKO\.gradle\jdks\eclipse_adoptium-17-amd64-windows\jdk-17.0.12+7\bin\zip.dll
0x00007ffc32cd0000 - 0x00007ffc32cd9000 	C:\Users\DZIKO\.gradle\jdks\eclipse_adoptium-17-amd64-windows\jdk-17.0.12+7\bin\management.dll
0x00007ffc29190000 - 0x00007ffc2919b000 	C:\Users\DZIKO\.gradle\jdks\eclipse_adoptium-17-amd64-windows\jdk-17.0.12+7\bin\management_ext.dll
0x00007ffc39330000 - 0x00007ffc39338000 	C:\Windows\System32\PSAPI.DLL
0x00007ffc1fd50000 - 0x00007ffc1fd67000 	C:\Windows\system32\napinsp.dll
0x00007ffc1f790000 - 0x00007ffc1f7ab000 	C:\Windows\system32\pnrpnsp.dll
0x00007ffc1f770000 - 0x00007ffc1f781000 	C:\Windows\System32\winrnr.dll
0x00007ffc1d240000 - 0x00007ffc1d255000 	C:\Windows\system32\wshbth.dll
0x00007ffc1d010000 - 0x00007ffc1d031000 	C:\Windows\system32\nlansp_c.dll
0x00007ffc36e60000 - 0x00007ffc36e7b000 	C:\Windows\SYSTEM32\CRYPTSP.dll
0x00007ffc36650000 - 0x00007ffc36685000 	C:\Windows\system32\rsaenh.dll
0x00007ffc36be0000 - 0x00007ffc36c08000 	C:\Windows\SYSTEM32\USERENV.dll
0x00007ffc36fa0000 - 0x00007ffc36fc8000 	C:\Windows\SYSTEM32\bcrypt.dll
0x00007ffc36e40000 - 0x00007ffc36e4c000 	C:\Windows\SYSTEM32\CRYPTBASE.dll
0x00007ffc31550000 - 0x00007ffc31569000 	C:\Windows\SYSTEM32\dhcpcsvc6.DLL
0x00007ffc306d0000 - 0x00007ffc306ef000 	C:\Windows\SYSTEM32\dhcpcsvc.DLL
0x00007ffc26b80000 - 0x00007ffc26b89000 	C:\Users\DZIKO\.gradle\jdks\eclipse_adoptium-17-amd64-windows\jdk-17.0.12+7\bin\extnet.dll
0x00007ffc21580000 - 0x00007ffc21590000 	C:\Users\DZIKO\.gradle\jdks\eclipse_adoptium-17-amd64-windows\jdk-17.0.12+7\bin\verify.dll
0x00007ffc1f9c0000 - 0x00007ffc1f9ce000 	C:\Users\DZIKO\.gradle\jdks\eclipse_adoptium-17-amd64-windows\jdk-17.0.12+7\bin\sunmscapi.dll
0x00007ffc37740000 - 0x00007ffc378a6000 	C:\Windows\System32\CRYPT32.dll
0x00007ffc36f70000 - 0x00007ffc36f9d000 	C:\Windows\SYSTEM32\ncrypt.dll
0x00007ffc36f30000 - 0x00007ffc36f67000 	C:\Windows\SYSTEM32\NTASN1.dll

dbghelp: loaded successfully - version: 4.0.5 - missing functions: none
symbol engine: initialized successfully - sym options: 0x614 - pdb path: .;C:\Users\DZIKO\.gradle\jdks\eclipse_adoptium-17-amd64-windows\jdk-17.0.12+7\bin;C:\Windows\SYSTEM32;C:\Windows\WinSxS\amd64_microsoft.windows.common-controls_6595b64144ccf1df_6.0.22621.608_none_a9444ca7c10bb01d;C:\Users\DZIKO\.gradle\jdks\eclipse_adoptium-17-amd64-windows\jdk-17.0.12+7\bin\server

VM Arguments:
jvm_args: -agentlib:jdwp=transport=dt_socket,server=n,suspend=y,address=localhost:50084 -XX:+ShowCodeDetailsInExceptionMessages -Dspring.jmx.enabled=true -Dmanagement.endpoints.jmx.exposure.include=* -Dspring.application.admin.enabled=true -Dspring.boot.project.name=order -Djava.rmi.server.hostname=localhost -Dcom.sun.management.jmxremote.port=45561 -Dcom.sun.management.jmxremote.authenticate=false -Dcom.sun.management.jmxremote.ssl=false 
java_command: com.fortest.myorders.order.OrderApplication
java_class_path (initial): F:\all zk\My Docs\Cours\MicroServices\projet\OnlineOrderManagement\OnlineOrderManagement\order\target\classes;C:\Users\DZIKO\.m2\repository\org\springframework\cloud\spring-cloud-starter-netflix-eureka-client\3.1.6\spring-cloud-starter-netflix-eureka-client-3.1.6.jar;C:\Users\DZIKO\.m2\repository\org\springframework\cloud\spring-cloud-starter\3.1.6\spring-cloud-starter-3.1.6.jar;C:\Users\DZIKO\.m2\repository\org\springframework\cloud\spring-cloud-context\3.1.6\spring-cloud-context-3.1.6.jar;C:\Users\DZIKO\.m2\repository\org\springframework\security\spring-security-rsa\1.0.11.RELEASE\spring-security-rsa-1.0.11.RELEASE.jar;C:\Users\DZIKO\.m2\repository\org\bouncycastle\bcpkix-jdk15on\1.69\bcpkix-jdk15on-1.69.jar;C:\Users\DZIKO\.m2\repository\org\bouncycastle\bcprov-jdk15on\1.69\bcprov-jdk15on-1.69.jar;C:\Users\DZIKO\.m2\repository\org\bouncycastle\bcutil-jdk15on\1.69\bcutil-jdk15on-1.69.jar;C:\Users\DZIKO\.m2\repository\org\springframework\cloud\spring-cloud-netflix-eureka-client\3.1.6\spring-cloud-netflix-eureka-client-3.1.6.jar;C:\Users\DZIKO\.m2\repository\com\netflix\eureka\eureka-client\1.10.17\eureka-client-1.10.17.jar;C:\Users\DZIKO\.m2\repository\com\netflix\netflix-commons\netflix-eventbus\0.3.0\netflix-eventbus-0.3.0.jar;C:\Users\DZIKO\.m2\repository\com\netflix\netflix-commons\netflix-infix\0.3.0\netflix-infix-0.3.0.jar;C:\Users\DZIKO\.m2\repository\commons-jxpath\commons-jxpath\1.3\commons-jxpath-1.3.jar;C:\Users\DZIKO\.m2\repository\joda-time\joda-time\2.3\joda-time-2.3.jar;C:\Users\DZIKO\.m2\repository\org\antlr\antlr-runtime\3.4\antlr-runtime-3.4.jar;C:\Users\DZIKO\.m2\repository\org\antlr\stringtemplate\3.2.1\stringtemplate-3.2.1.jar;C:\Users\DZIKO\.m2\repository\com\google\code\gson\gson\2.9.0\gson-2.9.0.jar;C:\Users\DZIKO\.m2\repository\org\apache\commons\commons-math\2.2\commons-math-2.2.jar;C:\Users\DZIKO\.m2\repository\com\thoughtworks\xstream\xstream\1.4.18\xstream-1.4.18.jar;C:\Users\DZIKO\.m2\repository\io\github\x-
Launcher Type: SUN_STANDARD

[Global flags]
     intx CICompilerCount                          = 3                                         {product} {ergonomic}
     uint ConcGCThreads                            = 1                                         {product} {ergonomic}
     uint G1ConcRefinementThreads                  = 4                                         {product} {ergonomic}
   size_t G1HeapRegionSize                         = 1048576                                   {product} {ergonomic}
    uintx GCDrainStackTargetSize                   = 64                                        {product} {ergonomic}
   size_t InitialHeapSize                          = 134217728                                 {product} {ergonomic}
     bool ManagementServer                         = true                                      {product} {command line}
   size_t MarkStackSize                            = 4194304                                   {product} {ergonomic}
   size_t MaxHeapSize                              = 2126512128                                {product} {ergonomic}
   size_t MaxNewSize                               = 1275068416                                {product} {ergonomic}
   size_t MinHeapDeltaBytes                        = 1048576                                   {product} {ergonomic}
   size_t MinHeapSize                              = 8388608                                   {product} {ergonomic}
    uintx NonNMethodCodeHeapSize                   = 5832780                                {pd product} {ergonomic}
    uintx NonProfiledCodeHeapSize                  = 122912730                              {pd product} {ergonomic}
    uintx ProfiledCodeHeapSize                     = 122912730                              {pd product} {ergonomic}
    uintx ReservedCodeCacheSize                    = 251658240                              {pd product} {ergonomic}
     bool SegmentedCodeCache                       = true                                      {product} {ergonomic}
     bool ShowCodeDetailsInExceptionMessages       = true                                   {manageable} {command line}
   size_t SoftMaxHeapSize                          = 2126512128                             {manageable} {ergonomic}
     bool UseCompressedClassPointers               = true                           {product lp64_product} {ergonomic}
     bool UseCompressedOops                        = true                           {product lp64_product} {ergonomic}
     bool UseG1GC                                  = true                                      {product} {ergonomic}
     bool UseLargePagesIndividualAllocation        = false                                  {pd product} {ergonomic}

Logging:
Log output configuration:
 #0: stdout all=warning uptime,level,tags
 #1: stderr all=off uptime,level,tags

Environment Variables:
JAVA_HOME=C:\Program Files\Java\jdk-21
PATH=C:\Program Files (x86)\VMware\VMware Workstation\bin\;C:\Program Files\Common Files\Oracle\Java\javapath;C:\Windows\system32;C:\Windows;C:\Windows\System32\Wbem;C:\Windows\System32\WindowsPowerShell\v1.0\;C:\Windows\System32\OpenSSH\;C:\Users\DZIKO\composer;C:\Users\DZIKO\.symfony5;C:\Program Files\Git\cmd;C:\php-8.2.4;C:\apache-maven-3.9.5\bin;C:\Users\DZIKO\Downloads\ytdl;C:\Program Files\MongoDB\Server\7.0\bin;C:\Program Files\Java\jdk-21\bin;C:\Apache\apache-maven-3.9.9\bin;c:\Users\DZIKO\AppData\Local\Programs\cursor\resources\app\bin;C:\Program Files\Docker\Docker\resources\bin;C:\Program Files\MongoDB\Server\8.0\bin;C:\Users\DZIKO\AppData\Roaming\nvm;C:\Program Files\nodejs;C:\Users\DZIKO\AppData\Local\Programs\Python\Python310;C:\Users\DZIKO\AppData\Local\Programs\Python\Python310\Scripts;C:\Program Files\OpenSSL-Win64\bin;C:\Users\DZIKO\.pyenv\pyenv-win\bin;C:\Users\DZIKO\.pyenv\pyenv-win\shims;C:\Users\DZIKO\AppData\Local\Programs\Python\Launcher\;C:\Users\DZIKO\scoop\shims;C:\Users\DZIKO\AppData\Local\Microsoft\WindowsApps;C:\Users\DZIKO\AppData\Local\Programs\Microsoft VS Code\bin;C:\Users\DZIKO\composer;C:\Users\DZIKO\AppData\Roaming\Composer\vendor\bin;C:\Users\DZIKO\AppData\Roaming\npm;C:\Users\DZIKO\AppData\Local\JetBrains\Toolbox\scripts;C:\Program Files\JetBrains\IntelliJ IDEA 2024.2.3\bin;;C:\Program Files\PostgreSQL\17\bin;C:\Program Files\mongosh\;C:\Users\DZIKO\AppData\Roaming\nvm;C:\Program Files\nodejs;C:\Users\DZIKO\AppData\Local\Programs\Python\Python311;
USERNAME=DZIKO
LANG=en_US.UTF-8
OS=Windows_NT
PROCESSOR_IDENTIFIER=Intel64 Family 6 Model 60 Stepping 3, GenuineIntel
TMP=C:\Users\DZIKO\AppData\Local\Temp
TEMP=C:\Users\DZIKO\AppData\Local\Temp



Periodic native trim disabled


---------------  S Y S T E M  ---------------

OS:
 Windows 11 , 64 bit Build 22621 (10.0.22621.1194)
OS uptime: 1 days 4:11 hours
Hyper-V role detected

CPU: total 4 (initial active 4) (2 cores per cpu, 2 threads per core) family 6 model 60 stepping 3 microcode 0x28, cx8, cmov, fxsr, ht, mmx, sse, sse2, sse3, ssse3, sse4.1, sse4.2, popcnt, lzcnt, tsc, tscinvbit, avx, avx2, aes, erms, clmul, bmi1, bmi2, fma, vzeroupper, clflush, hv
Processor Information for all 4 processors :
  Max Mhz: 2501, Current Mhz: 2501, Mhz Limit: 2501

Memory: 4k page, system-wide physical 8104M (1017M free)
TotalPageFile size 10152M (AvailPageFile size 5M)
current process WorkingSet (physical memory assigned to process): 371M, peak: 373M
current process commit charge ("private bytes"): 401M, peak: 404M

vm_info: OpenJDK 64-Bit Server VM (17.0.12+7) for windows-amd64 JRE (17.0.12+7), built on Jul 16 2024 22:08:24 by "admin" with MS VC++ 16.10 / 16.11 (VS2019)

END.
