#
# There is insufficient memory for the Java Runtime Environment to continue.
# Native memory allocation (mmap) failed to map 10485760 bytes. Error detail: G1 virtual space
# Possible reasons:
#   The system is out of physical RAM or swap space
#   This process is running with CompressedOops enabled, and the Java Heap may be blocking the growth of the native heap
# Possible solutions:
#   Reduce memory load on the system
#   Increase physical memory or swap space
#   Check if swap backing store is full
#   Decrease Java heap size (-Xmx/-Xms)
#   Decrease number of Java threads
#   Decrease Java thread stack sizes (-Xss)
#   Set larger code cache with -XX:ReservedCodeCacheSize=
#   JVM is running with Unscaled Compressed Oops mode in which the Java heap is
#     placed in the first 4GB address space. The Java Heap base address is the
#     maximum limit for the native heap growth. Please use -XX:HeapBaseMinAddress
#     to set the Java Heap base and to place the Java Heap above 4GB virtual address.
# This output file may be truncated or incomplete.
#
#  Out of Memory Error (os_windows.cpp:3614), pid=15948, tid=7000
#
# JRE version: OpenJDK Runtime Environment Temurin-17.0.13+11 (17.0.13+11) (build 17.0.13+11)
# Java VM: OpenJDK 64-Bit Server VM Temurin-17.0.13+11 (17.0.13+11, mixed mode, emulated-client, tiered, compressed oops, compressed class ptrs, g1 gc, windows-amd64)
# No core dump will be written. Minidumps are not enabled by default on client versions of Windows
#

---------------  S U M M A R Y ------------

Command Line: -Xmx1024m -Dsts.lsp.client=vscode -Dsts.log.file=/dev/null -XX:TieredStopAtLevel=1 -Xlog:jni+resolve=off -Dspring.config.location=file:c:\Users\DZIKO\.vscode\extensions\vmware.vscode-spring-boot-1.56.0\language-server\BOOT-INF\classes\application.properties org.springframework.ide.vscode.boot.app.BootLanguageServerBootApp

Host: Intel(R) Core(TM) i5-4200M CPU @ 2.50GHz, 4 cores, 7G,  Windows 11 , 64 bit Build 22621 (10.0.22621.1194)
Time: Sat Dec 14 17:17:22 2024 Morocco Standard Time elapsed time: 68.505685 seconds (0d 0h 1m 8s)

---------------  T H R E A D  ---------------

Current thread (0x0000020d6b392140):  VMThread "VM Thread" [stack: 0x0000009842e00000,0x0000009842f00000] [id=7000]

Stack: [0x0000009842e00000,0x0000009842f00000]
Native frames: (J=compiled Java code, j=interpreted, Vv=VM code, C=native code)
V  [jvm.dll+0x682a19]
V  [jvm.dll+0x839538]
V  [jvm.dll+0x83afe3]
V  [jvm.dll+0x83b653]
V  [jvm.dll+0x24704f]
V  [jvm.dll+0x67f809]
V  [jvm.dll+0x6746fa]
V  [jvm.dll+0x304a96]
V  [jvm.dll+0x30bf56]
V  [jvm.dll+0x35da5e]
V  [jvm.dll+0x35dc9d]
V  [jvm.dll+0x2dbe5c]
V  [jvm.dll+0x2dee76]
V  [jvm.dll+0x2e959c]
V  [jvm.dll+0x31d3bd]
V  [jvm.dll+0x83fe8d]
V  [jvm.dll+0x840bc3]
V  [jvm.dll+0x8410ef]
V  [jvm.dll+0x8414d4]
V  [jvm.dll+0x84159e]
V  [jvm.dll+0x7e8ffc]
V  [jvm.dll+0x6818f7]
C  [ucrtbase.dll+0x29363]
C  [KERNEL32.DLL+0x126bd]
C  [ntdll.dll+0x5dfb8]

VM_Operation (0x0000009842aff800): G1PauseRemark, mode: safepoint, requested by thread 0x0000020d60e74f00


---------------  P R O C E S S  ---------------

Threads class SMR info:
_java_thread_list=0x0000020d718db4c0, length=31, elements={
0x0000020d6b3a7370, 0x0000020d6b3a7e40, 0x0000020d6b3e1010, 0x0000020d6b3e18e0,
0x0000020d6b4fb8a0, 0x0000020d6b4fc170, 0x0000020d6b4feb00, 0x0000020d6b4ff410,
0x0000020d6b6f2da0, 0x0000020d6b709010, 0x0000020d712b1050, 0x0000020d711015f0,
0x0000020d7121cf20, 0x0000020d60e31990, 0x0000020d7075c0c0, 0x0000020d7073c590,
0x0000020d713d2be0, 0x0000020d71207c50, 0x0000020d71208400, 0x0000020d713ae4a0,
0x0000020d713afdf0, 0x0000020d713ae9b0, 0x0000020d713aeec0, 0x0000020d713af3d0,
0x0000020d713af8e0, 0x0000020d71512a80, 0x0000020d715194d0, 0x0000020d715134a0,
0x0000020d7143d820, 0x0000020d71515300, 0x0000020d71515810
}

Java Threads: ( => current thread )
  0x0000020d6b3a7370 JavaThread "Reference Handler" daemon [_thread_blocked, id=10164, stack(0x0000009842f00000,0x0000009843000000)]
  0x0000020d6b3a7e40 JavaThread "Finalizer" daemon [_thread_blocked, id=14544, stack(0x0000009843000000,0x0000009843100000)]
  0x0000020d6b3e1010 JavaThread "Signal Dispatcher" daemon [_thread_blocked, id=2444, stack(0x0000009843100000,0x0000009843200000)]
  0x0000020d6b3e18e0 JavaThread "Attach Listener" daemon [_thread_blocked, id=5568, stack(0x0000009843200000,0x0000009843300000)]
  0x0000020d6b4fb8a0 JavaThread "Service Thread" daemon [_thread_blocked, id=6968, stack(0x0000009843300000,0x0000009843400000)]
  0x0000020d6b4fc170 JavaThread "Monitor Deflation Thread" daemon [_thread_blocked, id=1284, stack(0x0000009843400000,0x0000009843500000)]
  0x0000020d6b4feb00 JavaThread "C1 CompilerThread0" daemon [_thread_blocked, id=5060, stack(0x0000009843500000,0x0000009843600000)]
  0x0000020d6b4ff410 JavaThread "Sweeper thread" daemon [_thread_blocked, id=13588, stack(0x0000009843600000,0x0000009843700000)]
  0x0000020d6b6f2da0 JavaThread "Notification Thread" daemon [_thread_blocked, id=13208, stack(0x0000009843800000,0x0000009843900000)]
  0x0000020d6b709010 JavaThread "Common-Cleaner" daemon [_thread_blocked, id=6628, stack(0x0000009843a00000,0x0000009843b00000)]
  0x0000020d712b1050 JavaThread "boundedElastic-evictor-1" daemon [_thread_blocked, id=11208, stack(0x0000009843c00000,0x0000009843d00000)]
  0x0000020d711015f0 JavaThread "pool-13-thread-1" [_thread_blocked, id=1848, stack(0x0000009843e00000,0x0000009843f00000)]
  0x0000020d7121cf20 JavaThread "LanguageServerApp-lifecycle" [_thread_blocked, id=6900, stack(0x0000009843f00000,0x0000009844000000)]
  0x0000020d60e31990 JavaThread "DestroyJavaVM" [_thread_blocked, id=13496, stack(0x0000009842700000,0x0000009842800000)]
  0x0000020d7075c0c0 JavaThread "pool-14-thread-1" [_thread_blocked, id=2744, stack(0x0000009844000000,0x0000009844100000)]
  0x0000020d7073c590 JavaThread "Simple-Language-Server main thread" daemon [_thread_blocked, id=10556, stack(0x0000009844100000,0x0000009844200000)]
  0x0000020d713d2be0 JavaThread "pool-8-thread-1" [_thread_blocked, id=10388, stack(0x0000009844200000,0x0000009844300000)]
  0x0000020d71207c50 JavaThread "parallel-1" daemon [_thread_blocked, id=14312, stack(0x0000009844300000,0x0000009844400000)]
  0x0000020d71208400 JavaThread "parallel-2" daemon [_thread_blocked, id=6264, stack(0x0000009844400000,0x0000009844500000)]
  0x0000020d713ae4a0 JavaThread "Reconciler-1" daemon [_thread_blocked, id=13584, stack(0x0000009844500000,0x0000009844600000)]
  0x0000020d713afdf0 JavaThread "pool-5-thread-1" [_thread_blocked, id=3912, stack(0x0000009844600000,0x0000009844700000)]
  0x0000020d713ae9b0 JavaThread "ForkJoinPool.commonPool-worker-1" daemon [_thread_blocked, id=1192, stack(0x0000009844700000,0x0000009844800000)]
  0x0000020d713aeec0 JavaThread "pool-5-thread-2" [_thread_blocked, id=15444, stack(0x0000009844800000,0x0000009844900000)]
  0x0000020d713af3d0 JavaThread "pool-5-thread-3" [_thread_blocked, id=9912, stack(0x0000009844900000,0x0000009844a00000)]
  0x0000020d713af8e0 JavaThread "pool-5-thread-4" [_thread_blocked, id=2376, stack(0x0000009844a00000,0x0000009844b00000)]
  0x0000020d71512a80 JavaThread "parallel-3" daemon [_thread_blocked, id=15160, stack(0x0000009844b00000,0x0000009844c00000)]
  0x0000020d715194d0 JavaThread "pool-6-thread-1" [_thread_blocked, id=12732, stack(0x0000009844c00000,0x0000009844d00000)]
  0x0000020d715134a0 JavaThread "parallel-4" daemon [_thread_blocked, id=2004, stack(0x0000009844d00000,0x0000009844e00000)]
  0x0000020d7143d820 JavaThread "C1 CompilerThread1" daemon [_thread_blocked, id=4932, stack(0x0000009844e00000,0x0000009844f00000)]
  0x0000020d71515300 JavaThread "pool-4-thread-1" [_thread_blocked, id=15664, stack(0x0000009845000000,0x0000009845100000)]
  0x0000020d71515810 JavaThread "Project-Reconciler-1" daemon [_thread_blocked, id=15492, stack(0x0000009845100000,0x0000009845200000)]

Other Threads:
=>0x0000020d6b392140 VMThread "VM Thread" [stack: 0x0000009842e00000,0x0000009842f00000] [id=7000]
  0x0000020d6b6f3280 WatcherThread [stack: 0x0000009843900000,0x0000009843a00000] [id=1228]
  0x0000020d60e6c0a0 GCTaskThread "GC Thread#0" [stack: 0x0000009842900000,0x0000009842a00000] [id=13400]
  0x0000020d7016f900 GCTaskThread "GC Thread#1" [stack: 0x0000009843700000,0x0000009843800000] [id=1924]
  0x0000020d7016fbc0 GCTaskThread "GC Thread#2" [stack: 0x0000009843b00000,0x0000009843c00000] [id=3716]
  0x0000020d6b680910 GCTaskThread "GC Thread#3" [stack: 0x0000009843d00000,0x0000009843e00000] [id=7196]
  0x0000020d60e74f00 ConcurrentGCThread "G1 Main Marker" [stack: 0x0000009842a00000,0x0000009842b00000] [id=12908]
  0x0000020d60e76840 ConcurrentGCThread "G1 Conc#0" [stack: 0x0000009842b00000,0x0000009842c00000] [id=10140]
  0x0000020d6b200090 ConcurrentGCThread "G1 Refine#0" [stack: 0x0000009842c00000,0x0000009842d00000] [id=16348]
  0x0000020d6b2009d0 ConcurrentGCThread "G1 Service" [stack: 0x0000009842d00000,0x0000009842e00000] [id=11796]

Threads with active compile tasks:

VM state: at safepoint (normal execution)

VM Mutex/Monitor currently owned by a thread:  ([mutex/lock_event])
[0x0000020d5ec3c740] Threads_lock - owner thread: 0x0000020d6b392140
[0x0000020d60e1c010] Heap_lock - owner thread: 0x0000020d60e74f00

Heap address: 0x00000000c0000000, size: 1024 MB, Compressed Oops mode: 32-bit

CDS archive(s) not mapped
Compressed class space mapped at: 0x0000000100000000-0x0000000140000000, reserved size: 1073741824
Narrow klass base: 0x0000000000000000, Narrow klass shift: 3, Narrow klass range: 0x140000000

GC Precious Log:
 CPUs: 4 total, 4 available
 Memory: 8104M
 Large Page Support: Disabled
 NUMA Support: Disabled
 Compressed Oops: Enabled (32-bit)
 Heap Region Size: 1M
 Heap Min Capacity: 8M
 Heap Initial Capacity: 128M
 Heap Max Capacity: 1G
 Pre-touch: Disabled
 Parallel Workers: 4
 Concurrent Workers: 1
 Concurrent Refinement Workers: 4
 Periodic GC: Disabled

Heap:
 garbage-first heap   total 89088K, used 56638K [0x00000000c0000000, 0x0000000100000000)
  region size 1024K, 15 young (15360K), 2 survivors (2048K)
 Metaspace       used 48896K, committed 49408K, reserved 1114112K
  class space    used 6048K, committed 6272K, reserved 1048576K

Heap Regions: E=young(eden), S=young(survivor), O=old, HS=humongous(starts), HC=humongous(continues), CS=collection set, F=free, OA=open archive, CA=closed archive, TAMS=top-at-mark-start (previous, next)
|   0|0x00000000c0000000, 0x00000000c0100000, 0x00000000c0100000|100%|HS|  |TAMS 0x00000000c0100000, 0x00000000c0000000| Complete 
|   1|0x00000000c0100000, 0x00000000c0200000, 0x00000000c0200000|100%|HC|  |TAMS 0x00000000c0200000, 0x00000000c0100000| Complete 
|   2|0x00000000c0200000, 0x00000000c0300000, 0x00000000c0300000|100%|HC|  |TAMS 0x00000000c0300000, 0x00000000c0200000| Complete 
|   3|0x00000000c0300000, 0x00000000c0400000, 0x00000000c0400000|100%|HC|  |TAMS 0x00000000c0400000, 0x00000000c0300000| Complete 
|   4|0x00000000c0400000, 0x00000000c0500000, 0x00000000c0500000|100%| O|  |TAMS 0x00000000c0500000, 0x00000000c0400000| Untracked 
|   5|0x00000000c0500000, 0x00000000c0600000, 0x00000000c0600000|100%| O|  |TAMS 0x00000000c0600000, 0x00000000c0500000| Untracked 
|   6|0x00000000c0600000, 0x00000000c0700000, 0x00000000c0700000|100%| O|  |TAMS 0x00000000c0700000, 0x00000000c0600000| Untracked 
|   7|0x00000000c0700000, 0x00000000c0800000, 0x00000000c0800000|100%| O|  |TAMS 0x00000000c0800000, 0x00000000c0700000| Untracked 
|   8|0x00000000c0800000, 0x00000000c0900000, 0x00000000c0900000|100%| O|  |TAMS 0x00000000c0900000, 0x00000000c0800000| Untracked 
|   9|0x00000000c0900000, 0x00000000c0a00000, 0x00000000c0a00000|100%|HS|  |TAMS 0x00000000c0a00000, 0x00000000c0900000| Complete 
|  10|0x00000000c0a00000, 0x00000000c0b00000, 0x00000000c0b00000|100%|HC|  |TAMS 0x00000000c0b00000, 0x00000000c0a00000| Complete 
|  11|0x00000000c0b00000, 0x00000000c0c00000, 0x00000000c0c00000|100%| O|  |TAMS 0x00000000c0c00000, 0x00000000c0b00000| Untracked 
|  12|0x00000000c0c00000, 0x00000000c0d00000, 0x00000000c0d00000|100%| O|  |TAMS 0x00000000c0d00000, 0x00000000c0c00000| Untracked 
|  13|0x00000000c0d00000, 0x00000000c0e00000, 0x00000000c0e00000|100%| O|  |TAMS 0x00000000c0e00000, 0x00000000c0d00000| Updating 
|  14|0x00000000c0e00000, 0x00000000c0f00000, 0x00000000c0f00000|100%| O|  |TAMS 0x00000000c0f00000, 0x00000000c0e00000| Untracked 
|  15|0x00000000c0f00000, 0x00000000c0f25200, 0x00000000c1000000| 14%| O|  |TAMS 0x00000000c0f25200, 0x00000000c0f00000| Updating 
|  16|0x00000000c1000000, 0x00000000c1100000, 0x00000000c1100000|100%| O|  |TAMS 0x00000000c1100000, 0x00000000c1000000| Untracked 
|  17|0x00000000c1100000, 0x00000000c1200000, 0x00000000c1200000|100%| O|  |TAMS 0x00000000c1200000, 0x00000000c1100000| Updating 
|  18|0x00000000c1200000, 0x00000000c1300000, 0x00000000c1300000|100%| O|  |TAMS 0x00000000c1300000, 0x00000000c1200000| Updating 
|  19|0x00000000c1300000, 0x00000000c1400000, 0x00000000c1400000|100%| O|  |TAMS 0x00000000c1400000, 0x00000000c1300000| Untracked 
|  20|0x00000000c1400000, 0x00000000c1500000, 0x00000000c1500000|100%| O|  |TAMS 0x00000000c1500000, 0x00000000c1400000| Untracked 
|  21|0x00000000c1500000, 0x00000000c1600000, 0x00000000c1600000|100%| O|  |TAMS 0x00000000c1600000, 0x00000000c1500000| Updating 
|  22|0x00000000c1600000, 0x00000000c1700000, 0x00000000c1700000|100%| O|  |TAMS 0x00000000c1700000, 0x00000000c1600000| Updating 
|  23|0x00000000c1700000, 0x00000000c1800000, 0x00000000c1800000|100%| O|  |TAMS 0x00000000c1800000, 0x00000000c1700000| Updating 
|  24|0x00000000c1800000, 0x00000000c1900000, 0x00000000c1900000|100%| O|  |TAMS 0x00000000c1900000, 0x00000000c1800000| Untracked 
|  25|0x00000000c1900000, 0x00000000c1a00000, 0x00000000c1a00000|100%| O|  |TAMS 0x00000000c1a00000, 0x00000000c1900000| Untracked 
|  26|0x00000000c1a00000, 0x00000000c1b00000, 0x00000000c1b00000|100%| O|  |TAMS 0x00000000c1b00000, 0x00000000c1a00000| Untracked 
|  27|0x00000000c1b00000, 0x00000000c1c00000, 0x00000000c1c00000|100%| O|  |TAMS 0x00000000c1c00000, 0x00000000c1b00000| Updating 
|  28|0x00000000c1c00000, 0x00000000c1d00000, 0x00000000c1d00000|100%| O|  |TAMS 0x00000000c1d00000, 0x00000000c1c00000| Updating 
|  29|0x00000000c1d00000, 0x00000000c1e00000, 0x00000000c1e00000|100%| O|  |TAMS 0x00000000c1e00000, 0x00000000c1d00000| Untracked 
|  30|0x00000000c1e00000, 0x00000000c1f00000, 0x00000000c1f00000|100%| O|  |TAMS 0x00000000c1f00000, 0x00000000c1e00000| Updating 
|  31|0x00000000c1f00000, 0x00000000c2000000, 0x00000000c2000000|100%|HS|  |TAMS 0x00000000c2000000, 0x00000000c1f00000| Complete 
|  32|0x00000000c2000000, 0x00000000c2100000, 0x00000000c2100000|100%| O|  |TAMS 0x00000000c2100000, 0x00000000c2000000| Untracked 
|  33|0x00000000c2100000, 0x00000000c2200000, 0x00000000c2200000|100%| O|  |TAMS 0x00000000c2200000, 0x00000000c2100000| Untracked 
|  34|0x00000000c2200000, 0x00000000c2300000, 0x00000000c2300000|100%| O|  |TAMS 0x00000000c2300000, 0x00000000c2200000| Untracked 
|  35|0x00000000c2300000, 0x00000000c2400000, 0x00000000c2400000|100%| O|  |TAMS 0x00000000c2400000, 0x00000000c2300000| Untracked 
|  36|0x00000000c2400000, 0x00000000c2500000, 0x00000000c2500000|100%| O|  |TAMS 0x00000000c2500000, 0x00000000c2400000| Untracked 
|  37|0x00000000c2500000, 0x00000000c2600000, 0x00000000c2600000|100%| O|  |TAMS 0x00000000c2600000, 0x00000000c2500000| Untracked 
|  38|0x00000000c2600000, 0x00000000c2700000, 0x00000000c2700000|100%| O|  |TAMS 0x00000000c26cde00, 0x00000000c2600000| Updating 
|  39|0x00000000c2700000, 0x00000000c2800000, 0x00000000c2800000|100%| O|  |TAMS 0x00000000c2700000, 0x00000000c2700000| Untracked 
|  40|0x00000000c2800000, 0x00000000c2900000, 0x00000000c2900000|100%| O|  |TAMS 0x00000000c2800000, 0x00000000c2800000| Untracked 
|  41|0x00000000c2900000, 0x00000000c2a00000, 0x00000000c2a00000|100%| O|  |TAMS 0x00000000c2900000, 0x00000000c2900000| Untracked 
|  42|0x00000000c2a00000, 0x00000000c2ad8e00, 0x00000000c2b00000| 84%| O|  |TAMS 0x00000000c2a00000, 0x00000000c2a00000| Updating 
|  43|0x00000000c2b00000, 0x00000000c2b00000, 0x00000000c2c00000|  0%| F|  |TAMS 0x00000000c2b00000, 0x00000000c2b00000| Untracked 
|  44|0x00000000c2c00000, 0x00000000c2c00000, 0x00000000c2d00000|  0%| F|  |TAMS 0x00000000c2c00000, 0x00000000c2c00000| Untracked 
|  45|0x00000000c2d00000, 0x00000000c2d00000, 0x00000000c2e00000|  0%| F|  |TAMS 0x00000000c2d00000, 0x00000000c2d00000| Untracked 
|  46|0x00000000c2e00000, 0x00000000c2e00000, 0x00000000c2f00000|  0%| F|  |TAMS 0x00000000c2e00000, 0x00000000c2e00000| Untracked 
|  47|0x00000000c2f00000, 0x00000000c2f00000, 0x00000000c3000000|  0%| F|  |TAMS 0x00000000c2f00000, 0x00000000c2f00000| Untracked 
|  48|0x00000000c3000000, 0x00000000c3000000, 0x00000000c3100000|  0%| F|  |TAMS 0x00000000c3000000, 0x00000000c3000000| Untracked 
|  49|0x00000000c3100000, 0x00000000c3100000, 0x00000000c3200000|  0%| F|  |TAMS 0x00000000c3100000, 0x00000000c3100000| Untracked 
|  50|0x00000000c3200000, 0x00000000c3200000, 0x00000000c3300000|  0%| F|  |TAMS 0x00000000c3200000, 0x00000000c3200000| Untracked 
|  51|0x00000000c3300000, 0x00000000c3300000, 0x00000000c3400000|  0%| F|  |TAMS 0x00000000c3300000, 0x00000000c3300000| Untracked 
|  52|0x00000000c3400000, 0x00000000c3400000, 0x00000000c3500000|  0%| F|  |TAMS 0x00000000c3400000, 0x00000000c3400000| Untracked 
|  53|0x00000000c3500000, 0x00000000c3500000, 0x00000000c3600000|  0%| F|  |TAMS 0x00000000c3500000, 0x00000000c3500000| Untracked 
|  54|0x00000000c3600000, 0x00000000c3600000, 0x00000000c3700000|  0%| F|  |TAMS 0x00000000c3600000, 0x00000000c3600000| Untracked 
|  55|0x00000000c3700000, 0x00000000c3700000, 0x00000000c3800000|  0%| F|  |TAMS 0x00000000c3700000, 0x00000000c3700000| Untracked 
|  56|0x00000000c3800000, 0x00000000c3800000, 0x00000000c3900000|  0%| F|  |TAMS 0x00000000c3800000, 0x00000000c3800000| Untracked 
|  57|0x00000000c3900000, 0x00000000c3900000, 0x00000000c3a00000|  0%| F|  |TAMS 0x00000000c3900000, 0x00000000c3900000| Untracked 
|  58|0x00000000c3a00000, 0x00000000c3a00000, 0x00000000c3b00000|  0%| F|  |TAMS 0x00000000c3a00000, 0x00000000c3a00000| Untracked 
|  59|0x00000000c3b00000, 0x00000000c3b51918, 0x00000000c3c00000| 31%| S|CS|TAMS 0x00000000c3b00000, 0x00000000c3b00000| Complete 
|  60|0x00000000c3c00000, 0x00000000c3d00000, 0x00000000c3d00000|100%| S|CS|TAMS 0x00000000c3c00000, 0x00000000c3c00000| Complete 
|  61|0x00000000c3d00000, 0x00000000c3d00000, 0x00000000c3e00000|  0%| F|  |TAMS 0x00000000c3d00000, 0x00000000c3d00000| Untracked 
|  62|0x00000000c3e00000, 0x00000000c3e00000, 0x00000000c3f00000|  0%| F|  |TAMS 0x00000000c3e00000, 0x00000000c3e00000| Untracked 
|  63|0x00000000c3f00000, 0x00000000c3f00000, 0x00000000c4000000|  0%| F|  |TAMS 0x00000000c3f00000, 0x00000000c3f00000| Untracked 
|  64|0x00000000c4000000, 0x00000000c406e228, 0x00000000c4100000| 43%| E|  |TAMS 0x00000000c4000000, 0x00000000c4000000| Complete 
|  65|0x00000000c4100000, 0x00000000c4200000, 0x00000000c4200000|100%| E|CS|TAMS 0x00000000c4100000, 0x00000000c4100000| Complete 
|  66|0x00000000c4200000, 0x00000000c4300000, 0x00000000c4300000|100%| E|CS|TAMS 0x00000000c4200000, 0x00000000c4200000| Complete 
|  67|0x00000000c4300000, 0x00000000c4400000, 0x00000000c4400000|100%| E|CS|TAMS 0x00000000c4300000, 0x00000000c4300000| Complete 
|  68|0x00000000c4400000, 0x00000000c4500000, 0x00000000c4500000|100%| E|CS|TAMS 0x00000000c4400000, 0x00000000c4400000| Complete 
|  69|0x00000000c4500000, 0x00000000c4600000, 0x00000000c4600000|100%| E|CS|TAMS 0x00000000c4500000, 0x00000000c4500000| Complete 
|  70|0x00000000c4600000, 0x00000000c4600000, 0x00000000c4700000|  0%| F|  |TAMS 0x00000000c4600000, 0x00000000c4600000| Untracked 
|  71|0x00000000c4700000, 0x00000000c4700000, 0x00000000c4800000|  0%| F|  |TAMS 0x00000000c4700000, 0x00000000c4700000| Untracked 
|  72|0x00000000c4800000, 0x00000000c4800000, 0x00000000c4900000|  0%| F|  |TAMS 0x00000000c4800000, 0x00000000c4800000| Untracked 
|  73|0x00000000c4900000, 0x00000000c4900000, 0x00000000c4a00000|  0%| F|  |TAMS 0x00000000c4900000, 0x00000000c4900000| Untracked 
|  74|0x00000000c4a00000, 0x00000000c4a00000, 0x00000000c4b00000|  0%| F|  |TAMS 0x00000000c4a00000, 0x00000000c4a00000| Untracked 
|  75|0x00000000c4b00000, 0x00000000c4b00000, 0x00000000c4c00000|  0%| F|  |TAMS 0x00000000c4b00000, 0x00000000c4b00000| Untracked 
|  76|0x00000000c4c00000, 0x00000000c4c00000, 0x00000000c4d00000|  0%| F|  |TAMS 0x00000000c4c00000, 0x00000000c4c00000| Untracked 
|  77|0x00000000c4d00000, 0x00000000c4d00000, 0x00000000c4e00000|  0%| F|  |TAMS 0x00000000c4d00000, 0x00000000c4d00000| Untracked 
|  78|0x00000000c4e00000, 0x00000000c4e00000, 0x00000000c4f00000|  0%| F|  |TAMS 0x00000000c4e00000, 0x00000000c4e00000| Untracked 
|  79|0x00000000c4f00000, 0x00000000c4f00000, 0x00000000c5000000|  0%| F|  |TAMS 0x00000000c4f00000, 0x00000000c4f00000| Untracked 
|  80|0x00000000c5000000, 0x00000000c5100000, 0x00000000c5100000|100%| E|CS|TAMS 0x00000000c5000000, 0x00000000c5000000| Complete 
|  81|0x00000000c5100000, 0x00000000c5200000, 0x00000000c5200000|100%| E|CS|TAMS 0x00000000c5100000, 0x00000000c5100000| Complete 
|  82|0x00000000c5200000, 0x00000000c5300000, 0x00000000c5300000|100%| E|CS|TAMS 0x00000000c5200000, 0x00000000c5200000| Complete 
|  83|0x00000000c5300000, 0x00000000c5400000, 0x00000000c5400000|100%| E|CS|TAMS 0x00000000c5300000, 0x00000000c5300000| Complete 
|  84|0x00000000c5400000, 0x00000000c5500000, 0x00000000c5500000|100%| E|CS|TAMS 0x00000000c5400000, 0x00000000c5400000| Complete 
| 126|0x00000000c7e00000, 0x00000000c7f00000, 0x00000000c7f00000|100%| E|CS|TAMS 0x00000000c7e00000, 0x00000000c7e00000| Complete 
| 127|0x00000000c7f00000, 0x00000000c8000000, 0x00000000c8000000|100%| E|CS|TAMS 0x00000000c7f00000, 0x00000000c7f00000| Complete 

Card table byte_map: [0x0000020d66ac0000,0x0000020d66cc0000] _byte_map_base: 0x0000020d664c0000

Marking Bits (Prev, Next): (CMBitMap*) 0x0000020d60e6c610, (CMBitMap*) 0x0000020d60e6c5d0
 Prev Bits: [0x0000020d67ec0000, 0x0000020d68ec0000)
 Next Bits: [0x0000020d66ec0000, 0x0000020d67ec0000)

Polling page: 0x0000020d5edf0000

Metaspace:

Usage:
  Non-class:     41.84 MB used.
      Class:      5.91 MB used.
       Both:     47.75 MB used.

Virtual space:
  Non-class space:       64.00 MB reserved,      42.12 MB ( 66%) committed,  1 nodes.
      Class space:        1.00 GB reserved,       6.12 MB ( <1%) committed,  1 nodes.
             Both:        1.06 GB reserved,      48.25 MB (  4%) committed. 

Chunk freelists:
   Non-Class:  5.63 MB
       Class:  9.90 MB
        Both:  15.53 MB

MaxMetaspaceSize: unlimited
CompressedClassSpaceSize: 1.00 GB
Initial GC threshold: 21.00 MB
Current GC threshold: 58.88 MB
CDS: off
MetaspaceReclaimPolicy: balanced
 - commit_granule_bytes: 65536.
 - commit_granule_words: 8192.
 - virtual_space_node_default_size: 8388608.
 - enlarge_chunks_in_place: 1.
 - new_chunks_are_fully_committed: 0.
 - uncommit_free_chunks: 1.
 - use_allocation_guard: 0.
 - handle_deallocations: 1.


Internal statistics:

num_allocs_failed_limit: 8.
num_arena_births: 562.
num_arena_deaths: 20.
num_vsnodes_births: 2.
num_vsnodes_deaths: 0.
num_space_committed: 771.
num_space_uncommitted: 0.
num_chunks_returned_to_freelist: 30.
num_chunks_taken_from_freelist: 2075.
num_chunk_merges: 12.
num_chunk_splits: 1470.
num_chunks_enlarged: 1139.
num_inconsistent_stats: 0.

CodeCache: size=49152Kb used=8580Kb max_used=8911Kb free=40571Kb
 bounds [0x0000020d63ac0000, 0x0000020d64380000, 0x0000020d66ac0000]
 total_blobs=4915 nmethods=4327 adapters=514
 compilation: enabled
              stopped_count=0, restarted_count=0
 full_count=0

Compilation events (20 events):
Event: 68.368 Thread 0x0000020d6b4feb00 nmethod 4321 0x0000020d64251d10 code [0x0000020d64251ea0, 0x0000020d64251fb8]
Event: 68.368 Thread 0x0000020d6b4feb00 4322       1       org.eclipse.jdt.internal.compiler.parser.Scanner::scanIdentifierOrKeyword (271 bytes)
Event: 68.369 Thread 0x0000020d6b4feb00 nmethod 4322 0x0000020d64251390 code [0x0000020d642515a0, 0x0000020d64251a58]
Event: 68.369 Thread 0x0000020d6b4feb00 4323       1       org.eclipse.jdt.internal.compiler.parser.Scanner::internalScanIdentifierOrKeyword (4773 bytes)
Event: 68.395 Thread 0x0000020d6b4feb00 nmethod 4323 0x0000020d64231090 code [0x0000020d64231ae0, 0x0000020d64237358]
Event: 68.395 Thread 0x0000020d7143d820 nmethod 4317 0x0000020d64239090 code [0x0000020d6423c380, 0x0000020d6424a778]
Event: 68.397 Thread 0x0000020d7143d820 4324       1       org.eclipse.jdt.internal.compiler.batch.ClasspathJar::addToPackageCache (69 bytes)
Event: 68.398 Thread 0x0000020d7143d820 nmethod 4324 0x0000020d64230910 code [0x0000020d64230b00, 0x0000020d64230e08]
Event: 68.420 Thread 0x0000020d7143d820 4325  s    1       org.eclipse.jdt.internal.compiler.batch.ClasspathJar::getModulesDeclaringPackage (104 bytes)
Event: 68.421 Thread 0x0000020d7143d820 nmethod 4325 0x0000020d6422fd90 code [0x0000020d64230000, 0x0000020d64230618]
Event: 68.430 Thread 0x0000020d7143d820 4326       1       org.eclipse.jdt.internal.compiler.env.IModuleAwareNameEnvironment$LookupStrategy$3::matchesWithName (2 bytes)
Event: 68.431 Thread 0x0000020d7143d820 nmethod 4326 0x0000020d6422fa90 code [0x0000020d6422fc20, 0x0000020d6422fcf8]
Event: 68.459 Thread 0x0000020d6b4feb00 4327       1       java.util.zip.ZipFile$ZipEntryIterator::<init> (20 bytes)
Event: 68.459 Thread 0x0000020d6b4feb00 nmethod 4327 0x0000020d6422f790 code [0x0000020d6422f920, 0x0000020d6422fa38]
Event: 68.464 Thread 0x0000020d7143d820 4328       1       org.eclipse.jdt.internal.compiler.env.IModuleAwareNameEnvironment$LookupStrategy::matches (12 bytes)
Event: 68.464 Thread 0x0000020d7143d820 nmethod 4328 0x0000020d6422f490 code [0x0000020d6422f620, 0x0000020d6422f728]
Event: 68.465 Thread 0x0000020d7143d820 4329       1       org.eclipse.jdt.internal.compiler.batch.ClasspathLocation::singletonModuleNameIf (41 bytes)
Event: 68.465 Thread 0x0000020d7143d820 nmethod 4329 0x0000020d6422ed10 code [0x0000020d6422eee0, 0x0000020d6422f318]
Event: 68.466 Thread 0x0000020d6b4feb00 4330   !   1       java.util.zip.ZipFile::entries (34 bytes)
Event: 68.466 Thread 0x0000020d6b4feb00 nmethod 4330 0x0000020d6422e790 code [0x0000020d6422e940, 0x0000020d6422ebc8]

GC Heap History (20 events):
Event: 29.617 GC heap before
{Heap before GC invocations=2 (full 0):
 garbage-first heap   total 131072K, used 30807K [0x00000000c0000000, 0x0000000100000000)
  region size 1024K, 17 young (17408K), 2 survivors (2048K)
 Metaspace       used 11852K, committed 12096K, reserved 1114112K
  class space    used 1456K, committed 1600K, reserved 1048576K
}
Event: 29.622 GC heap after
{Heap after GC invocations=3 (full 0):
 garbage-first heap   total 131072K, used 16521K [0x00000000c0000000, 0x0000000100000000)
  region size 1024K, 1 young (1024K), 1 survivors (1024K)
 Metaspace       used 11852K, committed 12096K, reserved 1114112K
  class space    used 1456K, committed 1600K, reserved 1048576K
}
Event: 34.064 GC heap before
{Heap before GC invocations=3 (full 0):
 garbage-first heap   total 131072K, used 57481K [0x00000000c0000000, 0x0000000100000000)
  region size 1024K, 43 young (44032K), 1 survivors (1024K)
 Metaspace       used 21264K, committed 21504K, reserved 1114112K
  class space    used 2619K, committed 2752K, reserved 1048576K
}
Event: 34.074 GC heap after
{Heap after GC invocations=4 (full 0):
 garbage-first heap   total 131072K, used 19996K [0x00000000c0000000, 0x0000000100000000)
  region size 1024K, 5 young (5120K), 5 survivors (5120K)
 Metaspace       used 21264K, committed 21504K, reserved 1114112K
  class space    used 2619K, committed 2752K, reserved 1048576K
}
Event: 38.134 GC heap before
{Heap before GC invocations=5 (full 0):
 garbage-first heap   total 78848K, used 61980K [0x00000000c0000000, 0x0000000100000000)
  region size 1024K, 46 young (47104K), 5 survivors (5120K)
 Metaspace       used 28170K, committed 28416K, reserved 1114112K
  class space    used 3517K, committed 3648K, reserved 1048576K
}
Event: 38.154 GC heap after
{Heap after GC invocations=6 (full 0):
 garbage-first heap   total 78848K, used 23667K [0x00000000c0000000, 0x0000000100000000)
  region size 1024K, 4 young (4096K), 4 survivors (4096K)
 Metaspace       used 28170K, committed 28416K, reserved 1114112K
  class space    used 3517K, committed 3648K, reserved 1048576K
}
Event: 44.939 GC heap before
{Heap before GC invocations=6 (full 0):
 garbage-first heap   total 78848K, used 50291K [0x00000000c0000000, 0x0000000100000000)
  region size 1024K, 31 young (31744K), 4 survivors (4096K)
 Metaspace       used 32345K, committed 32704K, reserved 1114112K
  class space    used 4110K, committed 4288K, reserved 1048576K
}
Event: 44.958 GC heap after
{Heap after GC invocations=7 (full 0):
 garbage-first heap   total 78848K, used 26071K [0x00000000c0000000, 0x0000000100000000)
  region size 1024K, 3 young (3072K), 3 survivors (3072K)
 Metaspace       used 32345K, committed 32704K, reserved 1114112K
  class space    used 4110K, committed 4288K, reserved 1048576K
}
Event: 52.250 GC heap before
{Heap before GC invocations=7 (full 0):
 garbage-first heap   total 78848K, used 46551K [0x00000000c0000000, 0x0000000100000000)
  region size 1024K, 23 young (23552K), 3 survivors (3072K)
 Metaspace       used 35685K, committed 36096K, reserved 1114112K
  class space    used 4401K, committed 4608K, reserved 1048576K
}
Event: 52.267 GC heap after
{Heap after GC invocations=8 (full 0):
 garbage-first heap   total 78848K, used 28328K [0x00000000c0000000, 0x0000000100000000)
  region size 1024K, 3 young (3072K), 3 survivors (3072K)
 Metaspace       used 35685K, committed 36096K, reserved 1114112K
  class space    used 4401K, committed 4608K, reserved 1048576K
}
Event: 62.659 GC heap before
{Heap before GC invocations=9 (full 0):
 garbage-first heap   total 78848K, used 54952K [0x00000000c0000000, 0x0000000100000000)
  region size 1024K, 29 young (29696K), 3 survivors (3072K)
 Metaspace       used 40401K, committed 40832K, reserved 1114112K
  class space    used 5118K, committed 5312K, reserved 1048576K
}
Event: 62.667 GC heap after
{Heap after GC invocations=10 (full 0):
 garbage-first heap   total 78848K, used 30794K [0x00000000c0000000, 0x0000000100000000)
  region size 1024K, 3 young (3072K), 3 survivors (3072K)
 Metaspace       used 40401K, committed 40832K, reserved 1114112K
  class space    used 5118K, committed 5312K, reserved 1048576K
}
Event: 66.002 GC heap before
{Heap before GC invocations=10 (full 0):
 garbage-first heap   total 78848K, used 55370K [0x00000000c0000000, 0x0000000100000000)
  region size 1024K, 28 young (28672K), 3 survivors (3072K)
 Metaspace       used 43985K, committed 44416K, reserved 1114112K
  class space    used 5560K, committed 5760K, reserved 1048576K
}
Event: 66.014 GC heap after
{Heap after GC invocations=11 (full 0):
 garbage-first heap   total 78848K, used 32719K [0x00000000c0000000, 0x0000000100000000)
  region size 1024K, 2 young (2048K), 2 survivors (2048K)
 Metaspace       used 43985K, committed 44416K, reserved 1114112K
  class space    used 5560K, committed 5760K, reserved 1048576K
}
Event: 67.597 GC heap before
{Heap before GC invocations=11 (full 0):
 garbage-first heap   total 78848K, used 59343K [0x00000000c0000000, 0x0000000100000000)
  region size 1024K, 28 young (28672K), 2 survivors (2048K)
 Metaspace       used 46355K, committed 46848K, reserved 1114112K
  class space    used 5755K, committed 6016K, reserved 1048576K
}
Event: 67.604 GC heap after
{Heap after GC invocations=12 (full 0):
 garbage-first heap   total 78848K, used 42956K [0x00000000c0000000, 0x0000000100000000)
  region size 1024K, 4 young (4096K), 4 survivors (4096K)
 Metaspace       used 46355K, committed 46848K, reserved 1114112K
  class space    used 5755K, committed 6016K, reserved 1048576K
}
Event: 68.402 GC heap before
{Heap before GC invocations=12 (full 0):
 garbage-first heap   total 78848K, used 56268K [0x00000000c0000000, 0x0000000100000000)
  region size 1024K, 18 young (18432K), 4 survivors (4096K)
 Metaspace       used 48877K, committed 49344K, reserved 1114112K
  class space    used 6046K, committed 6272K, reserved 1048576K
}
Event: 68.407 GC heap after
{Heap after GC invocations=13 (full 0):
 garbage-first heap   total 78848K, used 43794K [0x00000000c0000000, 0x0000000100000000)
  region size 1024K, 1 young (1024K), 1 survivors (1024K)
 Metaspace       used 48877K, committed 49344K, reserved 1114112K
  class space    used 6046K, committed 6272K, reserved 1048576K
}
Event: 68.454 GC heap before
{Heap before GC invocations=13 (full 0):
 garbage-first heap   total 78848K, used 59154K [0x00000000c0000000, 0x0000000100000000)
  region size 1024K, 16 young (16384K), 1 survivors (1024K)
 Metaspace       used 48877K, committed 49344K, reserved 1114112K
  class space    used 6046K, committed 6272K, reserved 1048576K
}
Event: 68.456 GC heap after
{Heap after GC invocations=14 (full 0):
 garbage-first heap   total 78848K, used 44350K [0x00000000c0000000, 0x0000000100000000)
  region size 1024K, 2 young (2048K), 2 survivors (2048K)
 Metaspace       used 48877K, committed 49344K, reserved 1114112K
  class space    used 6046K, committed 6272K, reserved 1048576K
}

Dll operation events (8 events):
Event: 0.015 Loaded shared library c:\Users\DZIKO\.vscode\extensions\redhat.java-1.37.0-win32-x64\jre\17.0.13-win32-x86_64\bin\java.dll
Event: 1.177 Loaded shared library C:\Users\DZIKO\.vscode\extensions\redhat.java-1.37.0-win32-x64\jre\17.0.13-win32-x86_64\bin\net.dll
Event: 1.194 Loaded shared library C:\Users\DZIKO\.vscode\extensions\redhat.java-1.37.0-win32-x64\jre\17.0.13-win32-x86_64\bin\nio.dll
Event: 2.475 Loaded shared library C:\Users\DZIKO\.vscode\extensions\redhat.java-1.37.0-win32-x64\jre\17.0.13-win32-x86_64\bin\zip.dll
Event: 25.751 Loaded shared library C:\Users\DZIKO\.vscode\extensions\redhat.java-1.37.0-win32-x64\jre\17.0.13-win32-x86_64\bin\jimage.dll
Event: 33.588 Loaded shared library c:\Users\DZIKO\.vscode\extensions\redhat.java-1.37.0-win32-x64\jre\17.0.13-win32-x86_64\bin\verify.dll
Event: 60.035 Loaded shared library C:\Users\DZIKO\.vscode\extensions\redhat.java-1.37.0-win32-x64\jre\17.0.13-win32-x86_64\bin\management.dll
Event: 60.061 Loaded shared library C:\Users\DZIKO\.vscode\extensions\redhat.java-1.37.0-win32-x64\jre\17.0.13-win32-x86_64\bin\management_ext.dll

Deoptimization events (4 events):
Event: 63.037 Thread 0x0000020d71208400 DEOPT PACKING pc=0x0000020d6400a781 sp=0x00000098444feb90
Event: 63.037 Thread 0x0000020d71208400 DEOPT UNPACKING pc=0x0000020d63b17143 sp=0x00000098444fe020 mode 3
Event: 63.039 Thread 0x0000020d713ae4a0 DEOPT PACKING pc=0x0000020d63fe9b17 sp=0x00000098445fec70
Event: 63.039 Thread 0x0000020d713ae4a0 DEOPT UNPACKING pc=0x0000020d63b17143 sp=0x00000098445fe0c8 mode 3

Classes loaded (20 events):
Event: 67.005 Loading class java/io/RandomAccessFile$1
Event: 67.005 Loading class java/io/RandomAccessFile$1 done
Event: 67.194 Loading class sun/util/ResourceBundleEnumeration
Event: 67.195 Loading class sun/util/ResourceBundleEnumeration done
Event: 67.420 Loading class java/lang/AbstractMethodError
Event: 67.420 Loading class java/lang/AbstractMethodError done
Event: 67.890 Loading class java/lang/ExceptionInInitializerError
Event: 67.891 Loading class java/lang/ExceptionInInitializerError done
Event: 67.898 Loading class java/io/FileWriter
Event: 67.898 Loading class java/io/FileWriter done
Event: 68.290 Loading class sun/nio/cs/ThreadLocalCoders
Event: 68.290 Loading class sun/nio/cs/ThreadLocalCoders done
Event: 68.290 Loading class sun/nio/cs/ThreadLocalCoders$1
Event: 68.290 Loading class sun/nio/cs/ThreadLocalCoders$Cache
Event: 68.290 Loading class sun/nio/cs/ThreadLocalCoders$Cache done
Event: 68.290 Loading class sun/nio/cs/ThreadLocalCoders$1 done
Event: 68.290 Loading class sun/nio/cs/ThreadLocalCoders$2
Event: 68.291 Loading class sun/nio/cs/ThreadLocalCoders$2 done
Event: 68.312 Loading class java/lang/NegativeArraySizeException
Event: 68.312 Loading class java/lang/NegativeArraySizeException done

Classes unloaded (10 events):
Event: 68.496 Thread 0x0000020d6b392140 Unloading class 0x0000000100320400 'java/lang/invoke/LambdaForm$DMH+0x0000000100320400'
Event: 68.496 Thread 0x0000020d6b392140 Unloading class 0x0000000100269c00 'java/lang/invoke/LambdaForm$MH+0x0000000100269c00'
Event: 68.496 Thread 0x0000020d6b392140 Unloading class 0x0000000100258400 'java/lang/invoke/LambdaForm$DMH+0x0000000100258400'
Event: 68.496 Thread 0x0000020d6b392140 Unloading class 0x00000001000cac00 'java/lang/invoke/LambdaForm$MH+0x00000001000cac00'
Event: 68.496 Thread 0x0000020d6b392140 Unloading class 0x00000001000ca400 'java/lang/invoke/LambdaForm$MH+0x00000001000ca400'
Event: 68.496 Thread 0x0000020d6b392140 Unloading class 0x00000001000ca000 'java/lang/invoke/LambdaForm$MH+0x00000001000ca000'
Event: 68.496 Thread 0x0000020d6b392140 Unloading class 0x00000001000c9c00 'java/lang/invoke/LambdaForm$MH+0x00000001000c9c00'
Event: 68.496 Thread 0x0000020d6b392140 Unloading class 0x00000001000c9800 'java/lang/invoke/LambdaForm$MH+0x00000001000c9800'
Event: 68.496 Thread 0x0000020d6b392140 Unloading class 0x00000001000c9400 'java/lang/invoke/LambdaForm$MH+0x00000001000c9400'
Event: 68.496 Thread 0x0000020d6b392140 Unloading class 0x00000001000c8c00 'java/lang/invoke/LambdaForm$MH+0x00000001000c8c00'

Classes redefined (0 events):
No events

Internal exceptions (20 events):
Event: 65.572 Thread 0x0000020d715194d0 Exception <a 'sun/nio/fs/WindowsException'{0x00000000c3614ea8}> (0x00000000c3614ea8) 
thrown [s\src\hotspot\share\prims\jni.cpp, line 516]
Event: 65.574 Thread 0x0000020d715194d0 Exception <a 'sun/nio/fs/WindowsException'{0x00000000c3615b78}> (0x00000000c3615b78) 
thrown [s\src\hotspot\share\prims\jni.cpp, line 516]
Event: 65.574 Thread 0x0000020d715194d0 Exception <a 'sun/nio/fs/WindowsException'{0x00000000c3616878}> (0x00000000c3616878) 
thrown [s\src\hotspot\share\prims\jni.cpp, line 516]
Event: 65.574 Thread 0x0000020d715194d0 Exception <a 'sun/nio/fs/WindowsException'{0x00000000c3617660}> (0x00000000c3617660) 
thrown [s\src\hotspot\share\prims\jni.cpp, line 516]
Event: 65.578 Thread 0x0000020d715194d0 Exception <a 'sun/nio/fs/WindowsException'{0x00000000c36184b8}> (0x00000000c36184b8) 
thrown [s\src\hotspot\share\prims\jni.cpp, line 516]
Event: 66.139 Thread 0x0000020d715194d0 Exception <a 'sun/nio/fs/WindowsException'{0x00000000c5264c50}> (0x00000000c5264c50) 
thrown [s\src\hotspot\share\prims\jni.cpp, line 516]
Event: 66.139 Thread 0x0000020d715194d0 Exception <a 'sun/nio/fs/WindowsException'{0x00000000c5265938}> (0x00000000c5265938) 
thrown [s\src\hotspot\share\prims\jni.cpp, line 516]
Event: 66.140 Thread 0x0000020d715194d0 Exception <a 'sun/nio/fs/WindowsException'{0x00000000c5266600}> (0x00000000c5266600) 
thrown [s\src\hotspot\share\prims\jni.cpp, line 516]
Event: 66.140 Thread 0x0000020d715194d0 Exception <a 'sun/nio/fs/WindowsException'{0x00000000c52672e8}> (0x00000000c52672e8) 
thrown [s\src\hotspot\share\prims\jni.cpp, line 516]
Event: 66.141 Thread 0x0000020d715194d0 Exception <a 'sun/nio/fs/WindowsException'{0x00000000c52680d0}> (0x00000000c52680d0) 
thrown [s\src\hotspot\share\prims\jni.cpp, line 516]
Event: 66.141 Thread 0x0000020d715194d0 Exception <a 'sun/nio/fs/WindowsException'{0x00000000c5268f20}> (0x00000000c5268f20) 
thrown [s\src\hotspot\share\prims\jni.cpp, line 516]
Event: 66.142 Thread 0x0000020d715194d0 Exception <a 'sun/nio/fs/WindowsException'{0x00000000c526a758}> (0x00000000c526a758) 
thrown [s\src\hotspot\share\prims\jni.cpp, line 516]
Event: 66.142 Thread 0x0000020d715194d0 Exception <a 'sun/nio/fs/WindowsException'{0x00000000c526b440}> (0x00000000c526b440) 
thrown [s\src\hotspot\share\prims\jni.cpp, line 516]
Event: 66.142 Thread 0x0000020d715194d0 Exception <a 'sun/nio/fs/WindowsException'{0x00000000c526c108}> (0x00000000c526c108) 
thrown [s\src\hotspot\share\prims\jni.cpp, line 516]
Event: 66.142 Thread 0x0000020d715194d0 Exception <a 'sun/nio/fs/WindowsException'{0x00000000c526cdf0}> (0x00000000c526cdf0) 
thrown [s\src\hotspot\share\prims\jni.cpp, line 516]
Event: 66.143 Thread 0x0000020d715194d0 Exception <a 'sun/nio/fs/WindowsException'{0x00000000c526dbd8}> (0x00000000c526dbd8) 
thrown [s\src\hotspot\share\prims\jni.cpp, line 516]
Event: 66.143 Thread 0x0000020d715194d0 Exception <a 'sun/nio/fs/WindowsException'{0x00000000c526ea28}> (0x00000000c526ea28) 
thrown [s\src\hotspot\share\prims\jni.cpp, line 516]
Event: 66.255 Thread 0x0000020d71515300 Exception <a 'java/lang/NoSuchMethodError'{0x00000000c507e860}: 'java.lang.Object java.lang.invoke.Invokers$Holder.invoke_MT(java.lang.Object, java.lang.Object, java.lang.Object)'> (0x00000000c507e860) 
thrown [s\src\hotspot\share\interpreter\linkResolver.cpp, line 759]
Event: 68.395 Thread 0x0000020d71515300 Exception <a 'java/lang/IncompatibleClassChangeError'{0x00000000c42f3e08}: Found class java.lang.Object, but interface was expected> (0x00000000c42f3e08) 
thrown [s\src\hotspot\share\interpreter\linkResolver.cpp, line 826]
Event: 68.395 Thread 0x0000020d715194d0 Exception <a 'java/lang/IncompatibleClassChangeError'{0x00000000c4117078}: Found class java.lang.Object, but interface was expected> (0x00000000c4117078) 
thrown [s\src\hotspot\share\interpreter\linkResolver.cpp, line 826]

VM Operations (20 events):
Event: 63.108 Executing VM operation: HandshakeAllThreads done
Event: 64.123 Executing VM operation: Cleanup
Event: 64.128 Executing VM operation: Cleanup done
Event: 66.002 Executing VM operation: G1CollectForAllocation
Event: 66.014 Executing VM operation: G1CollectForAllocation done
Event: 66.234 Executing VM operation: HandshakeAllThreads
Event: 66.235 Executing VM operation: HandshakeAllThreads done
Event: 66.291 Executing VM operation: HandshakeAllThreads
Event: 66.291 Executing VM operation: HandshakeAllThreads done
Event: 66.354 Executing VM operation: HandshakeAllThreads
Event: 66.354 Executing VM operation: HandshakeAllThreads done
Event: 67.367 Executing VM operation: Cleanup
Event: 67.417 Executing VM operation: Cleanup done
Event: 67.597 Executing VM operation: G1CollectForAllocation
Event: 67.604 Executing VM operation: G1CollectForAllocation done
Event: 68.402 Executing VM operation: G1CollectForAllocation
Event: 68.407 Executing VM operation: G1CollectForAllocation done
Event: 68.453 Executing VM operation: G1CollectForAllocation
Event: 68.456 Executing VM operation: G1CollectForAllocation done
Event: 68.495 Executing VM operation: G1PauseRemark

Memory protections (0 events):
No events

Nmethod flushes (0 events):
No events

Events (20 events):
Event: 60.167 Thread 0x0000020d60e31990 Thread added: 0x0000020d60e31990
Event: 60.422 Thread 0x0000020d7121cf20 Thread added: 0x0000020d7075c0c0
Event: 61.731 Thread 0x0000020d7075c0c0 Thread added: 0x0000020d7073c590
Event: 61.881 Thread 0x0000020d7075c0c0 Thread added: 0x0000020d713d2be0
Event: 61.904 Thread 0x0000020d7075c0c0 Thread added: 0x0000020d71207c50
Event: 62.510 Thread 0x0000020d7075c0c0 Thread added: 0x0000020d71208400
Event: 62.513 Thread 0x0000020d71207c50 Thread added: 0x0000020d713ae4a0
Event: 62.522 Thread 0x0000020d7075c0c0 Thread added: 0x0000020d713afdf0
Event: 62.539 Thread 0x0000020d7075c0c0 Thread added: 0x0000020d713ae9b0
Event: 62.540 Thread 0x0000020d7075c0c0 Thread added: 0x0000020d713aeec0
Event: 62.543 Thread 0x0000020d7075c0c0 Thread added: 0x0000020d713af3d0
Event: 62.671 Thread 0x0000020d713ae9b0 Thread added: 0x0000020d713af8e0
Event: 63.005 Thread 0x0000020d7073c590 Thread added: 0x0000020d71512a80
Event: 63.055 Thread 0x0000020d7073c590 Thread added: 0x0000020d715194d0
Event: 63.068 Thread 0x0000020d7073c590 Thread added: 0x0000020d715134a0
Event: 63.113 Thread 0x0000020d6b4feb00 Thread added: 0x0000020d7143d820
Event: 63.113 Thread 0x0000020d6b4feb00 Thread added: 0x0000020d714eb230
Event: 63.873 Thread 0x0000020d713af3d0 Thread added: 0x0000020d71515300
Event: 63.887 Thread 0x0000020d71208400 Thread added: 0x0000020d71515810
Event: 68.136 Thread 0x0000020d714eb230 Thread exited: 0x0000020d714eb230


Dynamic libraries:
0x00007ff740ab0000 - 0x00007ff740abe000 	c:\Users\DZIKO\.vscode\extensions\redhat.java-1.37.0-win32-x64\jre\17.0.13-win32-x86_64\bin\java.exe
0x00007ffda8730000 - 0x00007ffda8944000 	C:\Windows\SYSTEM32\ntdll.dll
0x00007ffda79e0000 - 0x00007ffda7aa3000 	C:\Windows\System32\KERNEL32.DLL
0x00007ffda5d50000 - 0x00007ffda60ec000 	C:\Windows\System32\KERNELBASE.dll
0x00007ffda62b0000 - 0x00007ffda63c1000 	C:\Windows\System32\ucrtbase.dll
0x00007ffd96410000 - 0x00007ffd96427000 	c:\Users\DZIKO\.vscode\extensions\redhat.java-1.37.0-win32-x64\jre\17.0.13-win32-x86_64\bin\jli.dll
0x00007ffda6c10000 - 0x00007ffda6dbd000 	C:\Windows\System32\USER32.dll
0x00007ffda6210000 - 0x00007ffda6236000 	C:\Windows\System32\win32u.dll
0x00007ffda7890000 - 0x00007ffda78b9000 	C:\Windows\System32\GDI32.dll
0x00007ffda60f0000 - 0x00007ffda6202000 	C:\Windows\System32\gdi32full.dll
0x00007ffda5b70000 - 0x00007ffda5c0a000 	C:\Windows\System32\msvcp_win.dll
0x00007ffd963f0000 - 0x00007ffd9640e000 	c:\Users\DZIKO\.vscode\extensions\redhat.java-1.37.0-win32-x64\jre\17.0.13-win32-x86_64\bin\VCRUNTIME140.dll
0x00007ffd93700000 - 0x00007ffd9398e000 	C:\Windows\WinSxS\amd64_microsoft.windows.common-controls_6595b64144ccf1df_6.0.22621.608_none_a9444ca7c10bb01d\COMCTL32.dll
0x00007ffda66c0000 - 0x00007ffda6767000 	C:\Windows\System32\msvcrt.dll
0x00007ffda6680000 - 0x00007ffda66b2000 	C:\Windows\System32\IMM32.DLL
0x00007ffda0ff0000 - 0x00007ffda0ffc000 	c:\Users\DZIKO\.vscode\extensions\redhat.java-1.37.0-win32-x64\jre\17.0.13-win32-x86_64\bin\vcruntime140_1.dll
0x00007ffd71b50000 - 0x00007ffd71bdd000 	c:\Users\DZIKO\.vscode\extensions\redhat.java-1.37.0-win32-x64\jre\17.0.13-win32-x86_64\bin\msvcp140.dll
0x00007ffd603b0000 - 0x00007ffd6101b000 	c:\Users\DZIKO\.vscode\extensions\redhat.java-1.37.0-win32-x64\jre\17.0.13-win32-x86_64\bin\server\jvm.dll
0x00007ffda8370000 - 0x00007ffda841e000 	C:\Windows\System32\ADVAPI32.dll
0x00007ffda6dc0000 - 0x00007ffda6e64000 	C:\Windows\System32\sechost.dll
0x00007ffda7e10000 - 0x00007ffda7f25000 	C:\Windows\System32\RPCRT4.dll
0x00007ffda8520000 - 0x00007ffda8591000 	C:\Windows\System32\WS2_32.dll
0x00007ffda5a40000 - 0x00007ffda5a8d000 	C:\Windows\SYSTEM32\POWRPROF.dll
0x00007ffd9e5f0000 - 0x00007ffd9e624000 	C:\Windows\SYSTEM32\WINMM.dll
0x00007ffd912e0000 - 0x00007ffd912ea000 	C:\Windows\SYSTEM32\VERSION.dll
0x00007ffda5a20000 - 0x00007ffda5a33000 	C:\Windows\SYSTEM32\UMPDC.dll
0x00007ffda4b80000 - 0x00007ffda4b98000 	C:\Windows\SYSTEM32\kernel.appcore.dll
0x00007ffda06c0000 - 0x00007ffda06ca000 	c:\Users\DZIKO\.vscode\extensions\redhat.java-1.37.0-win32-x64\jre\17.0.13-win32-x86_64\bin\jimage.dll
0x00007ffd91540000 - 0x00007ffd9176e000 	C:\Windows\SYSTEM32\DBGHELP.DLL
0x00007ffda7fc0000 - 0x00007ffda834a000 	C:\Windows\System32\combase.dll
0x00007ffda6540000 - 0x00007ffda6617000 	C:\Windows\System32\OLEAUT32.dll
0x00007ffd913b0000 - 0x00007ffd913e2000 	C:\Windows\SYSTEM32\dbgcore.DLL
0x00007ffda5c10000 - 0x00007ffda5c8b000 	C:\Windows\System32\bcryptPrimitives.dll
0x00007ffd7c7a0000 - 0x00007ffd7c7c5000 	c:\Users\DZIKO\.vscode\extensions\redhat.java-1.37.0-win32-x64\jre\17.0.13-win32-x86_64\bin\java.dll
0x00007ffd914f0000 - 0x00007ffd91508000 	c:\Users\DZIKO\.vscode\extensions\redhat.java-1.37.0-win32-x64\jre\17.0.13-win32-x86_64\bin\zip.dll
0x00007ffda6e70000 - 0x00007ffda765f000 	C:\Windows\System32\SHELL32.dll
0x00007ffda3b40000 - 0x00007ffda4408000 	C:\Windows\SYSTEM32\windows.storage.dll
0x00007ffda3a00000 - 0x00007ffda3b3e000 	C:\Windows\SYSTEM32\wintypes.dll
0x00007ffda85a0000 - 0x00007ffda8691000 	C:\Windows\System32\SHCORE.dll
0x00007ffda8430000 - 0x00007ffda848e000 	C:\Windows\System32\shlwapi.dll
0x00007ffda5aa0000 - 0x00007ffda5ac1000 	C:\Windows\SYSTEM32\profapi.dll
0x00007ffd88fa0000 - 0x00007ffd88fb9000 	C:\Users\DZIKO\.vscode\extensions\redhat.java-1.37.0-win32-x64\jre\17.0.13-win32-x86_64\bin\net.dll
0x00007ffd9ea00000 - 0x00007ffd9eb2f000 	C:\Windows\SYSTEM32\WINHTTP.dll
0x00007ffda4fe0000 - 0x00007ffda5049000 	C:\Windows\system32\mswsock.dll
0x00007ffd85750000 - 0x00007ffd85766000 	C:\Users\DZIKO\.vscode\extensions\redhat.java-1.37.0-win32-x64\jre\17.0.13-win32-x86_64\bin\nio.dll
0x00007ffd981a0000 - 0x00007ffd981b0000 	c:\Users\DZIKO\.vscode\extensions\redhat.java-1.37.0-win32-x64\jre\17.0.13-win32-x86_64\bin\verify.dll
0x00007ffda5300000 - 0x00007ffda531b000 	C:\Windows\SYSTEM32\CRYPTSP.dll
0x00007ffda4af0000 - 0x00007ffda4b25000 	C:\Windows\system32\rsaenh.dll
0x00007ffda5080000 - 0x00007ffda50a8000 	C:\Windows\SYSTEM32\USERENV.dll
0x00007ffda5440000 - 0x00007ffda5468000 	C:\Windows\SYSTEM32\bcrypt.dll
0x00007ffda52e0000 - 0x00007ffda52ec000 	C:\Windows\SYSTEM32\CRYPTBASE.dll
0x00007ffda4660000 - 0x00007ffda468d000 	C:\Windows\SYSTEM32\IPHLPAPI.DLL
0x00007ffda6c00000 - 0x00007ffda6c09000 	C:\Windows\System32\NSI.dll
0x00007ffd9eba0000 - 0x00007ffd9ebb9000 	C:\Windows\SYSTEM32\dhcpcsvc6.DLL
0x00007ffd9e820000 - 0x00007ffd9e83f000 	C:\Windows\SYSTEM32\dhcpcsvc.DLL
0x00007ffda46d0000 - 0x00007ffda47c3000 	C:\Windows\SYSTEM32\DNSAPI.dll
0x00007ffd9e300000 - 0x00007ffd9e30a000 	C:\Users\DZIKO\.vscode\extensions\redhat.java-1.37.0-win32-x64\jre\17.0.13-win32-x86_64\bin\management.dll
0x00007ffd9e310000 - 0x00007ffd9e31b000 	C:\Users\DZIKO\.vscode\extensions\redhat.java-1.37.0-win32-x64\jre\17.0.13-win32-x86_64\bin\management_ext.dll
0x00007ffda8490000 - 0x00007ffda8498000 	C:\Windows\System32\PSAPI.DLL

dbghelp: loaded successfully - version: 4.0.5 - missing functions: none
symbol engine: initialized successfully - sym options: 0x614 - pdb path: .;c:\Users\DZIKO\.vscode\extensions\redhat.java-1.37.0-win32-x64\jre\17.0.13-win32-x86_64\bin;C:\Windows\SYSTEM32;C:\Windows\WinSxS\amd64_microsoft.windows.common-controls_6595b64144ccf1df_6.0.22621.608_none_a9444ca7c10bb01d;c:\Users\DZIKO\.vscode\extensions\redhat.java-1.37.0-win32-x64\jre\17.0.13-win32-x86_64\bin\server

VM Arguments:
jvm_args: -Xmx1024m -Dsts.lsp.client=vscode -Dsts.log.file=/dev/null -XX:TieredStopAtLevel=1 -Xlog:jni+resolve=off -Dspring.config.location=file:c:\Users\DZIKO\.vscode\extensions\vmware.vscode-spring-boot-1.56.0\language-server\BOOT-INF\classes\application.properties 
java_command: org.springframework.ide.vscode.boot.app.BootLanguageServerBootApp
java_class_path (initial): c:\Users\DZIKO\.vscode\extensions\vmware.vscode-spring-boot-1.56.0\language-server\BOOT-INF\classes;c:\Users\DZIKO\.vscode\extensions\vmware.vscode-spring-boot-1.56.0\language-server\BOOT-INF\lib\annotations-24.1.0.jar;c:\Users\DZIKO\.vscode\extensions\vmware.vscode-spring-boot-1.56.0\language-server\BOOT-INF\lib\antlr4-runtime-4.13.1.jar;c:\Users\DZIKO\.vscode\extensions\vmware.vscode-spring-boot-1.56.0\language-server\BOOT-INF\lib\asm-9.7.jar;c:\Users\DZIKO\.vscode\extensions\vmware.vscode-spring-boot-1.56.0\language-server\BOOT-INF\lib\asm-analysis-9.7.jar;c:\Users\DZIKO\.vscode\extensions\vmware.vscode-spring-boot-1.56.0\language-server\BOOT-INF\lib\asm-tree-9.7.jar;c:\Users\DZIKO\.vscode\extensions\vmware.vscode-spring-boot-1.56.0\language-server\BOOT-INF\lib\asm-util-9.7.jar;c:\Users\DZIKO\.vscode\extensions\vmware.vscode-spring-boot-1.56.0\language-server\BOOT-INF\lib\caffeine-3.1.8.jar;c:\Users\DZIKO\.vscode\extensions\vmware.vscode-spring-boot-1.56.0\language-server\BOOT-INF\lib\checker-qual-3.12.0.jar;c:\Users\DZIKO\.vscode\extensions\vmware.vscode-spring-boot-1.56.0\language-server\BOOT-INF\lib\classgraph-4.8.149.jar;c:\Users\DZIKO\.vscode\extensions\vmware.vscode-spring-boot-1.56.0\language-server\BOOT-INF\lib\commons-codec-1.16.1.jar;c:\Users\DZIKO\.vscode\extensions\vmware.vscode-spring-boot-1.56.0\language-server\BOOT-INF\lib\commons-compress-1.26.2.jar;c:\Users\DZIKO\.vscode\extensions\vmware.vscode-spring-boot-1.56.0\language-server\BOOT-INF\lib\commons-io-2.16.1.jar;c:\Users\DZIKO\.vscode\extensions\vmware.vscode-spring-boot-1.56.0\language-server\BOOT-INF\lib\commons-java-1.56.0-SNAPSHOT.jar;c:\Users\DZIKO\.vscode\extensions\vmware.vscode-spring-boot-1.56.0\language-server\BOOT-INF\lib\commons-lang3-3.14.0.jar;c:\Users\DZIKO\.vscode\extensions\vmware.vscode-spring-boot-1.56.0\language-server\BOOT-INF\lib\commons-language-server-1.56.0-SNAPSHOT.jar;c:\Users\DZIKO\.vscode\extensions\vmware.vscode-spring-boot-1.56.0\langu
Launcher Type: SUN_STANDARD

[Global flags]
     intx CICompilerCount                          = 3                                         {product} {ergonomic}
     uint ConcGCThreads                            = 1                                         {product} {ergonomic}
     uint G1ConcRefinementThreads                  = 4                                         {product} {ergonomic}
   size_t G1HeapRegionSize                         = 1048576                                   {product} {ergonomic}
    uintx GCDrainStackTargetSize                   = 64                                        {product} {ergonomic}
   size_t InitialHeapSize                          = 134217728                                 {product} {ergonomic}
   size_t MarkStackSize                            = 4194304                                   {product} {ergonomic}
   size_t MaxHeapSize                              = 1073741824                                {product} {command line}
   size_t MaxNewSize                               = 643825664                                 {product} {ergonomic}
   size_t MinHeapDeltaBytes                        = 1048576                                   {product} {ergonomic}
   size_t MinHeapSize                              = 8388608                                   {product} {ergonomic}
    uintx NonProfiledCodeHeapSize                  = 0                                      {pd product} {ergonomic}
     bool ProfileInterpreter                       = false                                  {pd product} {command line}
    uintx ProfiledCodeHeapSize                     = 0                                      {pd product} {ergonomic}
   size_t SoftMaxHeapSize                          = 1073741824                             {manageable} {ergonomic}
     intx TieredStopAtLevel                        = 1                                         {product} {command line}
     bool UseCompressedClassPointers               = true                           {product lp64_product} {ergonomic}
     bool UseCompressedOops                        = true                           {product lp64_product} {ergonomic}
     bool UseG1GC                                  = true                                      {product} {ergonomic}
     bool UseLargePagesIndividualAllocation        = false                                  {pd product} {ergonomic}

Logging:
Log output configuration:
 #0: stdout all=warning,jni+resolve=off uptime,level,tags
 #1: stderr all=off uptime,level,tags

Environment Variables:
JAVA_HOME=C:\Program Files\Java\jdk-21
PATH=C:\Program Files (x86)\VMware\VMware Workstation\bin\;C:\Program Files\Common Files\Oracle\Java\javapath;C:\Windows\system32;C:\Windows;C:\Windows\System32\Wbem;C:\Windows\System32\WindowsPowerShell\v1.0\;C:\Windows\System32\OpenSSH\;C:\Users\DZIKO\composer;C:\Users\DZIKO\.symfony5;C:\Program Files\Git\cmd;C:\php-8.2.4;C:\apache-maven-3.9.5\bin;C:\Users\DZIKO\Downloads\ytdl;C:\Program Files\MongoDB\Server\7.0\bin;C:\Program Files\Java\jdk-21\bin;C:\Apache\apache-maven-3.9.9\bin;c:\Users\DZIKO\AppData\Local\Programs\cursor\resources\app\bin;C:\Program Files\Docker\Docker\resources\bin;C:\Program Files\MongoDB\Server\8.0\bin;C:\Users\DZIKO\AppData\Roaming\nvm;C:\Program Files\nodejs;C:\Users\DZIKO\AppData\Local\Programs\Python\Python310;C:\Users\DZIKO\AppData\Local\Programs\Python\Python310\Scripts;C:\Program Files\OpenSSL-Win64\bin;C:\Users\DZIKO\.pyenv\pyenv-win\bin;C:\Users\DZIKO\.pyenv\pyenv-win\shims;C:\Users\DZIKO\AppData\Local\Programs\Python\Launcher\;C:\Users\DZIKO\scoop\shims;C:\Users\DZIKO\AppData\Local\Microsoft\WindowsApps;C:\Users\DZIKO\AppData\Local\Programs\Microsoft VS Code\bin;C:\Users\DZIKO\composer;C:\Users\DZIKO\AppData\Roaming\Composer\vendor\bin;C:\Users\DZIKO\AppData\Roaming\npm;C:\Users\DZIKO\AppData\Local\JetBrains\Toolbox\scripts;C:\Program Files\JetBrains\IntelliJ IDEA 2024.2.3\bin;;C:\Program Files\PostgreSQL\17\bin;C:\Program Files\mongosh\;C:\Users\DZIKO\AppData\Roaming\nvm;C:\Program Files\nodejs;C:\Users\DZIKO\AppData\Local\Programs\Python\Python311;
USERNAME=DZIKO
OS=Windows_NT
PROCESSOR_IDENTIFIER=Intel64 Family 6 Model 60 Stepping 3, GenuineIntel
TMP=C:\Users\DZIKO\AppData\Local\Temp
TEMP=C:\Users\DZIKO\AppData\Local\Temp



Periodic native trim disabled


---------------  S Y S T E M  ---------------

OS:
 Windows 11 , 64 bit Build 22621 (10.0.22621.1194)
OS uptime: 1 days 0:55 hours
Hyper-V role detected

CPU: total 4 (initial active 4) (2 cores per cpu, 2 threads per core) family 6 model 60 stepping 3 microcode 0x28, cx8, cmov, fxsr, ht, mmx, sse, sse2, sse3, ssse3, sse4.1, sse4.2, popcnt, lzcnt, tsc, tscinvbit, avx, avx2, aes, erms, clmul, bmi1, bmi2, fma, vzeroupper, clflush, hv
Processor Information for all 4 processors :
  Max Mhz: 2501, Current Mhz: 2501, Mhz Limit: 2501

Memory: 4k page, system-wide physical 8104M (478M free)
TotalPageFile size 10152M (AvailPageFile size 10M)
current process WorkingSet (physical memory assigned to process): 196M, peak: 196M
current process commit charge ("private bytes"): 236M, peak: 246M

vm_info: OpenJDK 64-Bit Server VM (17.0.13+11) for windows-amd64 JRE (17.0.13+11), built on Oct 16 2024 00:10:08 by "admin" with MS VC++ 17.7 (VS2022)

END.
